This is pdfTeX, Version 3.141592653-2.6-1.40.25 (MiKTeX 24.1) (preloaded format=pdflatex 2024.6.24)  24 JUN 2024 14:31
entering extended mode
 restricted \write18 enabled.
 %&-line parsing enabled.
**./proyecto.tex
(proyecto.tex
LaTeX2e <2023-11-01> patch level 1
L3 programming layer <2024-01-04>

(C:\Users\Cris1\AppData\Local\Programs\MiKTeX\tex/latex/koma-script\scrbook.cls
Document Class: scrbook 2023/07/07 v3.41 KOMA-Script document class (book)

(C:\Users\Cris1\AppData\Local\Programs\MiKTeX\tex/latex/koma-script\scrkbase.st
y
Package: scrkbase 2023/07/07 v3.41 KOMA-Script package (KOMA-Script-dependent b
asics and keyval usage)

(C:\Users\Cris1\AppData\Local\Programs\MiKTeX\tex/latex/koma-script\scrbase.sty
Package: scrbase 2023/07/07 v3.41 KOMA-Script package (KOMA-Script-independent 
basics and keyval usage)

(C:\Users\Cris1\AppData\Local\Programs\MiKTeX\tex/latex/koma-script\scrlfile.st
y
Package: scrlfile 2023/07/07 v3.41 KOMA-Script package (file load hooks)

(C:\Users\Cris1\AppData\Local\Programs\MiKTeX\tex/latex/koma-script\scrlfile-ho
ok.sty
Package: scrlfile-hook 2023/07/07 v3.41 KOMA-Script package (using LaTeX hooks)


(C:\Users\Cris1\AppData\Local\Programs\MiKTeX\tex/latex/koma-script\scrlogo.sty
Package: scrlogo 2023/07/07 v3.41 KOMA-Script package (logo)
))) (C:\Users\Cris1\AppData\Local\Programs\MiKTeX\tex/latex/graphics\keyval.sty
Package: keyval 2022/05/29 v1.15 key=value parser (DPC)
\KV@toks@=\toks17
)
Applying: [2021/05/01] Usage of raw or classic option list on input line 252.
Already applied: [0000/00/00] Usage of raw or classic option list on input line
 368.
))
(C:\Users\Cris1\AppData\Local\Programs\MiKTeX\tex/latex/koma-script\tocbasic.st
y
Package: tocbasic 2023/07/07 v3.41 KOMA-Script package (handling toc-files)
\scr@dte@tocline@numberwidth=\skip48
\scr@dte@tocline@numbox=\box51
)
Package tocbasic Info: omitting babel extension for `toc'
(tocbasic)             because of feature `nobabel' available
(tocbasic)             for `toc' on input line 135.
Class scrbook Info: File `scrsize11pt.clo' used to setup font sizes on input li
ne 2691.

(C:\Users\Cris1\AppData\Local\Programs\MiKTeX\tex/latex/koma-script\scrsize11pt
.clo
File: scrsize11pt.clo 2023/07/07 v3.41 KOMA-Script font size class option (11pt
)
)
(C:\Users\Cris1\AppData\Local\Programs\MiKTeX\tex/latex/koma-script\typearea.st
y
Package: typearea 2023/07/07 v3.41 KOMA-Script package (type area)
\ta@bcor=\skip49
\ta@div=\count187
\ta@hblk=\skip50
\ta@vblk=\skip51
\ta@temp=\skip52
\footheight=\skip53
Package typearea Info: These are the values describing the layout:
(typearea)             DIV  = 10
(typearea)             BCOR = 14.22636pt
(typearea)             \paperwidth      = 597.50793pt
(typearea)              \textwidth      = 408.2971pt
(typearea)              DIV departure   = -3%
(typearea)              \evensidemargin = 44.38632pt
(typearea)              \oddsidemargin  = 0.28453pt
(typearea)             \paperheight     = 845.04694pt
(typearea)              \textheight     = 595.80026pt
(typearea)              \topmargin      = -25.16531pt
(typearea)              \headheight     = 17.0pt
(typearea)              \headsep        = 20.40001pt
(typearea)              \topskip        = 11.0pt
(typearea)              \footskip       = 47.6pt
(typearea)              \baselineskip   = 13.6pt
(typearea)              on input line 1799.
)
\c@part=\count188
\c@chapter=\count189
\c@section=\count190
\c@subsection=\count191
\c@subsubsection=\count192
\c@paragraph=\count193
\c@subparagraph=\count194
\scr@dte@chapter@maxnumwidth=\skip54
Class scrbook Info: using compatibility default `afterindent=bysign'
(scrbook)           for `\chapter on input line 5990.
\scr@dte@section@maxnumwidth=\skip55
Class scrbook Info: using compatibility default `runin=bysign'
(scrbook)           for `\section on input line 6001.
Class scrbook Info: using compatibility default `afterindent=bysign'
(scrbook)           for `\section on input line 6001.
\scr@dte@part@maxnumwidth=\skip56
Class scrbook Info: using compatibility default `afterindent=true'
(scrbook)           for `\part on input line 6010.
\scr@dte@subsection@maxnumwidth=\skip57
Class scrbook Info: using compatibility default `runin=bysign'
(scrbook)           for `\subsection on input line 6020.
Class scrbook Info: using compatibility default `afterindent=bysign'
(scrbook)           for `\subsection on input line 6020.
\scr@dte@subsubsection@maxnumwidth=\skip58
Class scrbook Info: using compatibility default `runin=bysign'
(scrbook)           for `\subsubsection on input line 6030.
Class scrbook Info: using compatibility default `afterindent=bysign'
(scrbook)           for `\subsubsection on input line 6030.
\scr@dte@paragraph@maxnumwidth=\skip59
Class scrbook Info: using compatibility default `runin=bysign'
(scrbook)           for `\paragraph on input line 6041.
Class scrbook Info: using compatibility default `afterindent=bysign'
(scrbook)           for `\paragraph on input line 6041.
\scr@dte@subparagraph@maxnumwidth=\skip60
Class scrbook Info: using compatibility default `runin=bysign'
(scrbook)           for `\subparagraph on input line 6051.
Class scrbook Info: using compatibility default `afterindent=bysign'
(scrbook)           for `\subparagraph on input line 6051.
\abovecaptionskip=\skip61
\belowcaptionskip=\skip62
\c@pti@nb@sid@b@x=\box52
Package tocbasic Info: omitting babel extension for `lof'
(tocbasic)             because of feature `nobabel' available
(tocbasic)             for `lof' on input line 7242.
\scr@dte@figure@maxnumwidth=\skip63
\c@figure=\count195
Package tocbasic Info: omitting babel extension for `lot'
(tocbasic)             because of feature `nobabel' available
(tocbasic)             for `lot' on input line 7259.
\scr@dte@table@maxnumwidth=\skip64
\c@table=\count196
Class scrbook Info: Redefining `\numberline' on input line 7430.
\bibindent=\dimen140
) (C:\Users\Cris1\AppData\Local\Programs\MiKTeX\tex/latex/base\inputenc.sty
Package: inputenc 2021/02/14 v1.3d Input encoding file
\inpenc@prehook=\toks18
\inpenc@posthook=\toks19
)
(C:\Users\Cris1\AppData\Local\Programs\MiKTeX\tex/generic/babel\babel.sty
Package: babel 2024/01/07 v24.1 The Babel package
\babel@savecnt=\count197
\U@D=\dimen141
\l@unhyphenated=\language79

(C:\Users\Cris1\AppData\Local\Programs\MiKTeX\tex/generic/babel\txtbabel.def)
\bbl@readstream=\read2
\bbl@dirlevel=\count198

*************************************
* Local config file bblopts.cfg used
*
(C:\Users\Cris1\AppData\Local\Programs\MiKTeX\tex/latex/arabi\bblopts.cfg
File: bblopts.cfg 2005/09/08 v0.1 add Arabic and Farsi to "declared" options of
 babel
)
(C:\Users\Cris1\AppData\Local\Programs\MiKTeX\tex/latex/babel-english\english.l
df
Language: english 2017/06/06 v3.3r English support from the babel system
Package babel Info: Hyphen rules for 'canadian' set to \l@english
(babel)             (\language0). Reported on input line 102.
Package babel Info: Hyphen rules for 'australian' set to \l@ukenglish
(babel)             (\language73). Reported on input line 105.
Package babel Info: Hyphen rules for 'newzealand' set to \l@ukenglish
(babel)             (\language73). Reported on input line 108.
)
(C:\Users\Cris1\AppData\Local\Programs\MiKTeX\tex/latex/babel-spanish\spanish.l
df
Language: spanish.ldf 2021/05/27 v5.0q Spanish support from the babel system
\es@quottoks=\toks20
\es@quotdepth=\count199
Package babel Info: Making " an active character on input line 570.
Package babel Info: Making < an active character on input line 722.
Package babel Info: Making > an active character on input line 722.
))
(C:\Users\Cris1\AppData\Local\Programs\MiKTeX\tex/generic/babel/locale/es\babel
-spanish.tex
Package babel Info: Importing font and identification data for spanish
(babel)             from babel-es.ini. Reported on input line 11.
)
(C:\Users\Cris1\AppData\Local\Programs\MiKTeX\tex/generic/babel/locale/en\babel
-english.tex
Package babel Info: Importing font and identification data for english
(babel)             from babel-en.ini. Reported on input line 11.
)
(C:\Users\Cris1\AppData\Local\Programs\MiKTeX\tex/latex/listings\listings.sty
\lst@mode=\count266
\lst@gtempboxa=\box53
\lst@token=\toks21
\lst@length=\count267
\lst@currlwidth=\dimen142
\lst@column=\count268
\lst@pos=\count269
\lst@lostspace=\dimen143
\lst@width=\dimen144
\lst@newlines=\count270
\lst@lineno=\count271
\lst@maxwidth=\dimen145

(C:\Users\Cris1\AppData\Local\Programs\MiKTeX\tex/latex/listings\lstmisc.sty
File: lstmisc.sty 2023/02/27 1.9 (Carsten Heinz)
\c@lstnumber=\count272
\lst@skipnumbers=\count273
\lst@framebox=\box54
)
(C:\Users\Cris1\AppData\Local\Programs\MiKTeX\tex/latex/listings\listings.cfg
File: listings.cfg 2023/02/27 1.9 listings configuration
))
Package: listings 2023/02/27 1.9 (Carsten Heinz)
(C:\Users\Cris1\AppData\Local\Programs\MiKTeX\tex/latex/tools\dcolumn.sty
Package: dcolumn 2023/07/08 v1.06 decimal alignment package (DPC)

(C:\Users\Cris1\AppData\Local\Programs\MiKTeX\tex/latex/tools\array.sty
Package: array 2023/10/16 v2.5g Tabular extension package (FMi)
\col@sep=\dimen146
\ar@mcellbox=\box55
\extrarowheight=\dimen147
\NC@list=\toks22
\extratabsurround=\skip65
\backup@length=\skip66
\ar@cellbox=\box56
))
(C:\Users\Cris1\AppData\Local\Programs\MiKTeX\tex/latex/enumitem\enumitem.sty
Package: enumitem 2019/06/20 v3.9 Customized lists
\labelindent=\skip67
\enit@outerparindent=\dimen148
\enit@toks=\toks23
\enit@inbox=\box57
\enit@count@id=\count274
\enitdp@description=\count275
)
(C:\Users\Cris1\AppData\Local\Programs\MiKTeX\tex/latex/algorithms\algorithm.st
y
Package: algorithm 2009/08/24 v0.1 Document Style `algorithm' - floating enviro
nment
 (C:\Users\Cris1\AppData\Local\Programs\MiKTeX\tex/latex/float\float.sty
Package: float 2001/11/08 v1.3d Float enhancements (AL)
\c@float@type=\count276
\float@exts=\toks24
\float@box=\box58
\@float@everytoks=\toks25
\@floatcapt=\box59
)
(C:\Users\Cris1\AppData\Local\Programs\MiKTeX\tex/latex/base\ifthen.sty
Package: ifthen 2022/04/13 v1.1d Standard LaTeX ifthen package (DPC)
)
\@float@every@algorithm=\toks26
\c@algorithm=\count277
)
(C:\Users\Cris1\AppData\Local\Programs\MiKTeX\tex/latex/algorithmicx\algpseudoc
ode.sty
Package: algpseudocode 

(C:\Users\Cris1\AppData\Local\Programs\MiKTeX\tex/latex/algorithmicx\algorithmi
cx.sty
Package: algorithmicx 2005/04/27 v1.2 Algorithmicx

Document Style algorithmicx 1.2 - a greatly improved `algorithmic' style
\c@ALG@line=\count278
\c@ALG@rem=\count279
\c@ALG@nested=\count280
\ALG@tlm=\skip68
\ALG@thistlm=\skip69
\c@ALG@Lnr=\count281
\c@ALG@blocknr=\count282
\c@ALG@storecount=\count283
\c@ALG@tmpcounter=\count284
\ALG@tmplength=\skip70
)
Document Style - pseudocode environments for use with the `algorithmicx' style
) (C:\Users\Cris1\AppData\Local\Programs\MiKTeX\tex/latex/tools\verbatim.sty
Package: verbatim 2023-11-06 v1.5v LaTeX2e package for verbatim enhancements
\every@verbatim=\toks27
\verbatim@line=\toks28
\verbatim@in@stream=\read3
)

Class scrbook Warning: Usage of package `fancyhdr' together
(scrbook)              with a KOMA-Script class is not recommended.
(scrbook)              I'd suggest to use 
(scrbook)              package `scrlayer' or `scrlayer-scrpage', because
(scrbook)              they support KOMA-Script classes.
(scrbook)              With `fancyhdr' several features of class `scrbook'
(scrbook)              like options `headsepline', `footsepline' or command
(scrbook)              `\MakeMarkcase' and the commands `\setkomafont' and
(scrbook)              `\addtokomafont' for the page style elements need
(scrbook)              explicite user intervention to work.
(scrbook)              Nevertheless, using requested
(scrbook)              package `fancyhdr' on input line 17.

(C:\Users\Cris1\AppData\Local\Programs\MiKTeX\tex/latex/fancyhdr\fancyhdr.sty
Package: fancyhdr 2024/04/23 v4.2 Extensive control of page headers and footers

\f@nch@headwidth=\skip71
\f@nch@O@elh=\skip72
\f@nch@O@erh=\skip73
\f@nch@O@olh=\skip74
\f@nch@O@orh=\skip75
\f@nch@O@elf=\skip76
\f@nch@O@erf=\skip77
\f@nch@O@olf=\skip78
\f@nch@O@orf=\skip79
)
(C:\Users\Cris1\AppData\Local\Programs\MiKTeX\tex/latex/graphics\graphicx.sty
Package: graphicx 2021/09/16 v1.2d Enhanced LaTeX Graphics (DPC,SPQR)

(C:\Users\Cris1\AppData\Local\Programs\MiKTeX\tex/latex/graphics\graphics.sty
Package: graphics 2022/03/10 v1.4e Standard LaTeX Graphics (DPC,SPQR)

(C:\Users\Cris1\AppData\Local\Programs\MiKTeX\tex/latex/graphics\trig.sty
Package: trig 2021/08/11 v1.11 sin cos tan (DPC)
)
(C:\Users\Cris1\AppData\Local\Programs\MiKTeX\tex/latex/graphics-cfg\graphics.c
fg
File: graphics.cfg 2016/06/04 v1.11 sample graphics configuration
)
Package graphics Info: Driver file: pdftex.def on input line 107.

(C:\Users\Cris1\AppData\Local\Programs\MiKTeX\tex/latex/graphics-def\pdftex.def
File: pdftex.def 2022/09/22 v1.2b Graphics/color driver for pdftex
))
\Gin@req@height=\dimen149
\Gin@req@width=\dimen150
)
(C:\Users\Cris1\AppData\Local\Programs\MiKTeX\tex/latex/pdfpages\pdfpages.sty
Package: pdfpages 2024/05/29 v0.6a Insert pages of external PDF documents (AM)

(C:\Users\Cris1\AppData\Local\Programs\MiKTeX\tex/latex/tools\calc.sty
Package: calc 2023/07/08 v4.3 Infix arithmetic (KKT,FJ)
\calc@Acount=\count285
\calc@Bcount=\count286
\calc@Adimen=\dimen151
\calc@Bdimen=\dimen152
\calc@Askip=\skip80
\calc@Bskip=\skip81
LaTeX Info: Redefining \setlength on input line 80.
LaTeX Info: Redefining \addtolength on input line 81.
\calc@Ccount=\count287
\calc@Cskip=\skip82
)
(C:\Users\Cris1\AppData\Local\Programs\MiKTeX\tex/latex/eso-pic\eso-pic.sty
Package: eso-pic 2023/05/03 v3.0c eso-pic (RN)
\ESO@tempdima=\dimen153
\ESO@tempdimb=\dimen154

(C:\Users\Cris1\AppData\Local\Programs\MiKTeX\tex/latex/xcolor\xcolor.sty
Package: xcolor 2023/11/15 v3.01 LaTeX color extensions (UK)

(C:\Users\Cris1\AppData\Local\Programs\MiKTeX\tex/latex/graphics-cfg\color.cfg
File: color.cfg 2016/01/02 v1.6 sample color configuration
)
Package xcolor Info: Driver file: pdftex.def on input line 274.
(C:\Users\Cris1\AppData\Local\Programs\MiKTeX\tex/latex/graphics\mathcolor.ltx)
Package xcolor Info: Model `cmy' substituted by `cmy0' on input line 1350.
Package xcolor Info: Model `hsb' substituted by `rgb' on input line 1354.
Package xcolor Info: Model `RGB' extended on input line 1366.
Package xcolor Info: Model `HTML' substituted by `rgb' on input line 1368.
Package xcolor Info: Model `Hsb' substituted by `hsb' on input line 1369.
Package xcolor Info: Model `tHsb' substituted by `hsb' on input line 1370.
Package xcolor Info: Model `HSB' substituted by `hsb' on input line 1371.
Package xcolor Info: Model `Gray' substituted by `gray' on input line 1372.
Package xcolor Info: Model `wave' substituted by `hsb' on input line 1373.
))
\AM@pagewidth=\dimen155
\AM@pageheight=\dimen156
\AM@fboxrule=\dimen157

(C:\Users\Cris1\AppData\Local\Programs\MiKTeX\tex/latex/pdfpages\pppdftex.def
File: pppdftex.def 2024/05/29 v0.6a Pdfpages driver for pdfTeX (AM)
)
\pdfpages@includegraphics@status=\count288
\AM@pagebox=\box60
\AM@global@opts=\toks29
\AM@pagecnt=\count289
\AM@toc@title=\toks30
\AM@lof@heading=\toks31
\c@AM@survey=\count290
\AM@templatesizebox=\box61
) (C:\Users\Cris1\AppData\Local\Programs\MiKTeX\tex/latex/url\url.sty
\Urlmuskip=\muskip16
Package: url 2013/09/16  ver 3.4  Verb mode for urls, etc.
)
(C:\Users\Cris1\AppData\Local\Programs\MiKTeX\tex/latex/colortbl\colortbl.sty
Package: colortbl 2024/05/26 v1.0h Color table columns (DPC)
\everycr=\toks32
\minrowclearance=\skip83
\rownum=\count291
)
(C:\Users\Cris1\AppData\Local\Programs\MiKTeX\tex/latex/tools\longtable.sty
Package: longtable 2023-11-01 v4.19 Multi-page Table package (DPC)
\LTleft=\skip84
\LTright=\skip85
\LTpre=\skip86
\LTpost=\skip87
\LTchunksize=\count292
\LTcapwidth=\dimen158
\LT@head=\box62
\LT@firsthead=\box63
\LT@foot=\box64
\LT@lastfoot=\box65
\LT@gbox=\box66
\LT@cols=\count293
\LT@rows=\count294
\c@LT@tables=\count295
\c@LT@chunks=\count296
\LT@p@ftn=\toks33
)
Class scrbook Info: longtable captions redefined on input line 22.

(C:\Users\Cris1\AppData\Local\Programs\MiKTeX\tex/latex/footmisc\footmisc.sty
Package: footmisc 2023/07/05 v6.0f a miscellany of footnote facilities
\FN@temptoken=\toks34
\footnotemargin=\dimen159
\@outputbox@depth=\dimen160
Package footmisc Info: Declaring symbol style bringhurst on input line 696.
Package footmisc Info: Declaring symbol style chicago on input line 704.
Package footmisc Info: Declaring symbol style wiley on input line 713.
Package footmisc Info: Declaring symbol style lamport-robust on input line 724.

Package footmisc Info: Declaring symbol style lamport* on input line 744.
Package footmisc Info: Declaring symbol style lamport*-robust on input line 765
.
)
(C:\Users\Cris1\AppData\Local\Programs\MiKTeX\tex/latex/index\index.sty
Package: index 2004/01/20 v4.2beta Improved index support (dmj)
\@indexbox=\insert252
\indexproofstyle=\toks35


LaTeX Warning: Command \markboth  has changed.
               Check if current package is valid.


LaTeX Warning: Command \markright  has changed.
               Check if current package is valid.

)
(C:\Users\Cris1\AppData\Local\Programs\MiKTeX\tex/latex/subfigure\subfigure.sty
Package: subfigure 2002/07/30 v2.1.4 subfigure package
\subfigtopskip=\skip88
\subfigcapskip=\skip89
\subfigcaptopadj=\dimen161
\subfigbottomskip=\skip90
\subfigcapmargin=\dimen162
\subfiglabelskip=\skip91
\c@subfigure=\count297
\c@lofdepth=\count298
\c@subtable=\count299
\c@lotdepth=\count300
****************************************
* Local config file subfigure.cfg used *
****************************************

(C:\Users\Cris1\AppData\Local\Programs\MiKTeX\tex/latex/subfigure\subfigure.cfg
)
\subfig@top=\skip92
\subfig@bottom=\skip93
) (C:\Users\Cris1\AppData\Local\Programs\MiKTeX\tex/latex/tools\multicol.sty
Package: multicol 2023/03/30 v1.9f multicolumn formatting (FMi)
\c@tracingmulticols=\count301
\mult@box=\box67
\multicol@leftmargin=\dimen163
\c@unbalance=\count302
\c@collectmore=\count303
\doublecol@number=\count304
\multicoltolerance=\count305
\multicolpretolerance=\count306
\full@width=\dimen164
\page@free=\dimen165
\premulticols=\dimen166
\postmulticols=\dimen167
\multicolsep=\skip94
\multicolbaselineskip=\skip95
\partial@page=\box68
\last@line=\box69
\mc@boxedresult=\box70
\maxbalancingoverflow=\dimen168
\mult@rightbox=\box71
\mult@grightbox=\box72
\mult@firstbox=\box73
\mult@gfirstbox=\box74
\@tempa=\box75
\@tempa=\box76
\@tempa=\box77
\@tempa=\box78
\@tempa=\box79
\@tempa=\box80
\@tempa=\box81
\@tempa=\box82
\@tempa=\box83
\@tempa=\box84
\@tempa=\box85
\@tempa=\box86
\@tempa=\box87
\@tempa=\box88
\@tempa=\box89
\@tempa=\box90
\@tempa=\box91
\@tempa=\box92
\@tempa=\box93
\@tempa=\box94
\@tempa=\box95
\@tempa=\box96
\@tempa=\box97
\@tempa=\box98
\@tempa=\box99
\@tempa=\box100
\@tempa=\box101
\@tempa=\box102
\@tempa=\box103
\@tempa=\box104
\@tempa=\box105
\@tempa=\box106
\@tempa=\box107
\@tempa=\box108
\@tempa=\box109
\@tempa=\box110
\c@minrows=\count307
\c@columnbadness=\count308
\c@finalcolumnbadness=\count309
\last@try=\dimen169
\multicolovershoot=\dimen170
\multicolundershoot=\dimen171
\mult@nat@firstbox=\box111
\colbreak@box=\box112
\mc@col@check@num=\count310
)
(C:\Users\Cris1\AppData\Local\Programs\MiKTeX\tex/latex/booktabs\booktabs.sty
Package: booktabs 2020/01/12 v1.61803398 Publication quality tables
\heavyrulewidth=\dimen172
\lightrulewidth=\dimen173
\cmidrulewidth=\dimen174
\belowrulesep=\dimen175
\belowbottomsep=\dimen176
\aboverulesep=\dimen177
\abovetopsep=\dimen178
\cmidrulesep=\dimen179
\cmidrulekern=\dimen180
\defaultaddspace=\dimen181
\@cmidla=\count311
\@cmidlb=\count312
\@aboverulesep=\dimen182
\@belowrulesep=\dimen183
\@thisruleclass=\count313
\@lastruleclass=\count314
\@thisrulewidth=\dimen184
)
LaTeX Info: Redefining \. on input line 27.
LaTeX Info: Redefining \% on input line 27.
   defining Unicode char U+200B (decimal 8203)

(C:\Users\Cris1\AppData\Local\Programs\MiKTeX\tex/latex/hyperref\hyperref.sty
Package: hyperref 2023-11-26 v7.01g Hypertext links for LaTeX

(C:\Users\Cris1\AppData\Local\Programs\MiKTeX\tex/generic/iftex\iftex.sty
Package: iftex 2022/02/03 v1.0f TeX engine tests
)
(C:\Users\Cris1\AppData\Local\Programs\MiKTeX\tex/generic/infwarerr\infwarerr.s
ty
Package: infwarerr 2019/12/03 v1.5 Providing info/warning/error messages (HO)
)
(C:\Users\Cris1\AppData\Local\Programs\MiKTeX\tex/latex/kvsetkeys\kvsetkeys.sty
Package: kvsetkeys 2022-10-05 v1.19 Key value parser (HO)
)
(C:\Users\Cris1\AppData\Local\Programs\MiKTeX\tex/generic/kvdefinekeys\kvdefine
keys.sty
Package: kvdefinekeys 2019-12-19 v1.6 Define keys (HO)
)
(C:\Users\Cris1\AppData\Local\Programs\MiKTeX\tex/generic/pdfescape\pdfescape.s
ty
Package: pdfescape 2019/12/09 v1.15 Implements pdfTeX's escape features (HO)

(C:\Users\Cris1\AppData\Local\Programs\MiKTeX\tex/generic/ltxcmds\ltxcmds.sty
Package: ltxcmds 2023-12-04 v1.26 LaTeX kernel commands for general use (HO)
)
(C:\Users\Cris1\AppData\Local\Programs\MiKTeX\tex/generic/pdftexcmds\pdftexcmds
.sty
Package: pdftexcmds 2020-06-27 v0.33 Utility functions of pdfTeX for LuaTeX (HO
)
Package pdftexcmds Info: \pdf@primitive is available.
Package pdftexcmds Info: \pdf@ifprimitive is available.
Package pdftexcmds Info: \pdfdraftmode found.
))
(C:\Users\Cris1\AppData\Local\Programs\MiKTeX\tex/latex/hycolor\hycolor.sty
Package: hycolor 2020-01-27 v1.10 Color options for hyperref/bookmark (HO)
)
(C:\Users\Cris1\AppData\Local\Programs\MiKTeX\tex/latex/letltxmacro\letltxmacro
.sty
Package: letltxmacro 2019/12/03 v1.6 Let assignment for LaTeX macros (HO)
)
(C:\Users\Cris1\AppData\Local\Programs\MiKTeX\tex/latex/auxhook\auxhook.sty
Package: auxhook 2019-12-17 v1.6 Hooks for auxiliary files (HO)
)
(C:\Users\Cris1\AppData\Local\Programs\MiKTeX\tex/latex/hyperref\nameref.sty
Package: nameref 2023-11-26 v2.56 Cross-referencing by name of section

(C:\Users\Cris1\AppData\Local\Programs\MiKTeX\tex/latex/refcount\refcount.sty
Package: refcount 2019/12/15 v3.6 Data extraction from label references (HO)
)
(C:\Users\Cris1\AppData\Local\Programs\MiKTeX\tex/generic/gettitlestring\gettit
lestring.sty
Package: gettitlestring 2019/12/15 v1.6 Cleanup title references (HO)

(C:\Users\Cris1\AppData\Local\Programs\MiKTeX\tex/latex/kvoptions\kvoptions.sty
Package: kvoptions 2022-06-15 v3.15 Key value format for package options (HO)
))
\c@section@level=\count315
)
(C:\Users\Cris1\AppData\Local\Programs\MiKTeX\tex/latex/etoolbox\etoolbox.sty
Package: etoolbox 2020/10/05 v2.5k e-TeX tools for LaTeX (JAW)
\etb@tempcnta=\count316
)
\@linkdim=\dimen185
\Hy@linkcounter=\count317
\Hy@pagecounter=\count318

(C:\Users\Cris1\AppData\Local\Programs\MiKTeX\tex/latex/hyperref\pd1enc.def
File: pd1enc.def 2023-11-26 v7.01g Hyperref: PDFDocEncoding definition (HO)
Now handling font encoding PD1 ...
... no UTF-8 mapping file for font encoding PD1
)
(C:\Users\Cris1\AppData\Local\Programs\MiKTeX\tex/generic/intcalc\intcalc.sty
Package: intcalc 2019/12/15 v1.3 Expandable calculations with integers (HO)
)
\Hy@SavedSpaceFactor=\count319

(C:\Users\Cris1\AppData\Local\Programs\MiKTeX\tex/latex/hyperref\puenc.def
File: puenc.def 2023-11-26 v7.01g Hyperref: PDF Unicode definition (HO)
Now handling font encoding PU ...
... no UTF-8 mapping file for font encoding PU
)

Package hyperref Warning: Invalid value `000'
(hyperref)                for option `pdfborder'.
(hyperref)                Option setting is ignored on input line 4064.

Package hyperref Info: Hyper figures OFF on input line 4181.
Package hyperref Info: Link nesting OFF on input line 4186.
Package hyperref Info: Hyper index ON on input line 4189.
Package hyperref Info: Plain pages OFF on input line 4196.
Package hyperref Info: Backreferencing OFF on input line 4201.
Package hyperref Info: Implicit mode ON; LaTeX internals redefined.
Package hyperref Info: Bookmarks ON on input line 4448.
\c@Hy@tempcnt=\count320
LaTeX Info: Redefining \url on input line 4786.
\XeTeXLinkMargin=\dimen186
(C:\Users\Cris1\AppData\Local\Programs\MiKTeX\tex/generic/bitset\bitset.sty
Package: bitset 2019/12/09 v1.3 Handle bit-vector datatype (HO)

(C:\Users\Cris1\AppData\Local\Programs\MiKTeX\tex/generic/bigintcalc\bigintcalc
.sty
Package: bigintcalc 2019/12/15 v1.5 Expandable calculations on big integers (HO
)
))
\Fld@menulength=\count321
\Field@Width=\dimen187
\Fld@charsize=\dimen188
Package hyperref Info: Hyper figures OFF on input line 6065.
Package hyperref Info: Link nesting OFF on input line 6070.
Package hyperref Info: Hyper index ON on input line 6073.
Package hyperref Info: backreferencing OFF on input line 6080.
Package hyperref Info: Link coloring OFF on input line 6085.
Package hyperref Info: Link coloring with OCG OFF on input line 6090.
Package hyperref Info: PDF/A mode OFF on input line 6095.

(C:\Users\Cris1\AppData\Local\Programs\MiKTeX\tex/latex/base\atbegshi-ltx.sty
Package: atbegshi-ltx 2021/01/10 v1.0c Emulation of the original atbegshi
package with kernel methods
)
\Hy@abspage=\count322
\c@Item=\count323
\c@Hfootnote=\count324
)
Package hyperref Info: Driver (autodetected): hpdftex.
(C:\Users\Cris1\AppData\Local\Programs\MiKTeX\tex/latex/hyperref\hpdftex.def
File: hpdftex.def 2023-11-26 v7.01g Hyperref driver for pdfTeX

(C:\Users\Cris1\AppData\Local\Programs\MiKTeX\tex/latex/base\atveryend-ltx.sty
Package: atveryend-ltx 2020/08/19 v1.0a Emulation of the original atveryend pac
kage
with kernel methods
)
\Fld@listcount=\count325
\c@bookmark@seq@number=\count326

(C:\Users\Cris1\AppData\Local\Programs\MiKTeX\tex/latex/rerunfilecheck\rerunfil
echeck.sty
Package: rerunfilecheck 2022-07-10 v1.10 Rerun checks for auxiliary files (HO)

(C:\Users\Cris1\AppData\Local\Programs\MiKTeX\tex/generic/uniquecounter\uniquec
ounter.sty
Package: uniquecounter 2019/12/15 v1.4 Provide unlimited unique counter (HO)
)
Package uniquecounter Info: New unique counter `rerunfilecheck' on input line 2
85.
)
\Hy@SectionHShift=\skip96
)
Package typearea Info: These are the values describing the layout:
(typearea)             DIV  = 10
(typearea)             BCOR = 14.22636pt
(typearea)             \paperwidth      = 597.50793pt
(typearea)              \textwidth      = 408.2971pt
(typearea)              DIV departure   = -3%
(typearea)              \evensidemargin = 44.38632pt
(typearea)              \oddsidemargin  = 0.28453pt
(typearea)             \paperheight     = 845.04694pt
(typearea)              \textheight     = 595.80026pt
(typearea)              \topmargin      = -25.16531pt
(typearea)              \headheight     = 17.0pt
(typearea)              \headsep        = 20.40001pt
(typearea)              \topskip        = 11.0pt
(typearea)              \footskip       = 47.6pt
(typearea)              \baselineskip   = 13.6pt
(typearea)              on input line 69.
Package hyperref Info: Option `colorlinks' set `true' on input line 84.


Package hyperref Warning: Token not allowed in a PDF string (Unicode):
(hyperref)                removing `subscript' on input line 84.


Package hyperref Warning: Token not allowed in a PDF string (Unicode):
(hyperref)                removing `subscript' on input line 84.


Package hyperref Warning: Token not allowed in a PDF string (Unicode):
(hyperref)                removing `subscript' on input line 84.

\c@multienumi=\count327
\enitdp@multienum=\count328
\enitdp@multiitem=\count329
(C:\Users\Cris1\AppData\Local\Programs\MiKTeX\tex/latex/base\fontenc.sty
Package: fontenc 2021/04/29 v2.0v Standard LaTeX package
)
(C:\Users\Cris1\AppData\Local\Programs\MiKTeX\tex/latex/psnfss\mathpazo.sty
Package: mathpazo 2020/03/25 PSNFSS-v9.3 Palatino w/ Pazo Math (D.Puga, WaS) 
\symupright=\mathgroup4
)
(C:\Users\Cris1\AppData\Local\Programs\MiKTeX\tex/latex/cabin\cabin.sty
Package: cabin 2023/09/25 (Bob Tennent) Supports Cabin fonts for all LaTeX engi
nes.

(C:\Users\Cris1\AppData\Local\Programs\MiKTeX\tex/generic/iftex\ifxetex.sty
Package: ifxetex 2019/10/25 v0.7 ifxetex legacy package. Use iftex instead.
)
(C:\Users\Cris1\AppData\Local\Programs\MiKTeX\tex/generic/iftex\ifluatex.sty
Package: ifluatex 2019/10/25 v1.5 ifluatex legacy package. Use iftex instead.
)
(C:\Users\Cris1\AppData\Local\Programs\MiKTeX\tex/latex/xkeyval\xkeyval.sty
Package: xkeyval 2022/06/16 v2.9 package option processing (HA)

(C:\Users\Cris1\AppData\Local\Programs\MiKTeX\tex/generic/xkeyval\xkeyval.tex
(C:\Users\Cris1\AppData\Local\Programs\MiKTeX\tex/generic/xkeyval\xkvutils.tex
\XKV@toks=\toks36
\XKV@tempa@toks=\toks37
)
\XKV@depth=\count330
File: xkeyval.tex 2014/12/03 v2.7a key=value parser (HA)
)) (C:\Users\Cris1\AppData\Local\Programs\MiKTeX\tex/latex/base\textcomp.sty
Package: textcomp 2020/02/02 v2.0n Standard LaTeX package
)
(C:\Users\Cris1\AppData\Local\Programs\MiKTeX\tex/latex/base\fontenc.sty
Package: fontenc 2021/04/29 v2.0v Standard LaTeX package
LaTeX Font Info:    Trying to load font information for T1+pplj on input line 1
12.

(C:\Users\Cris1\AppData\Local\Programs\MiKTeX\tex/latex/psnfss\t1pplj.fd
File: t1pplj.fd 2004/09/06 font definitions for T1/pplj.
))
(C:\Users\Cris1\AppData\Local\Programs\MiKTeX\tex/latex/fontaxes\fontaxes.sty
Package: fontaxes 2020/07/21 v1.0e Font selection axes
LaTeX Info: Redefining \upshape on input line 29.
LaTeX Info: Redefining \itshape on input line 31.
LaTeX Info: Redefining \slshape on input line 33.
LaTeX Info: Redefining \swshape on input line 35.
LaTeX Info: Redefining \scshape on input line 37.
LaTeX Info: Redefining \sscshape on input line 39.
LaTeX Info: Redefining \ulcshape on input line 41.
LaTeX Info: Redefining \textsw on input line 47.
LaTeX Info: Redefining \textssc on input line 48.
LaTeX Info: Redefining \textulc on input line 49.
))
(C:\Users\Cris1\AppData\Local\Programs\MiKTeX\tex/latex/l3backend\l3backend-pdf
tex.def
File: l3backend-pdftex.def 2024-01-04 L3 backend support: PDF output (pdfTeX)
\l__color_backend_stack_int=\count331
\l__pdf_internal_box=\box113
) (proyecto.aux
LaTeX Info: Redefining \. on input line 13.
LaTeX Info: Redefining \% on input line 13.
LaTeX Info: Redefining \. on input line 14.
LaTeX Info: Redefining \% on input line 14.
)
\openout1 = `proyecto.aux'.

LaTeX Font Info:    Checking defaults for OML/cmm/m/it on input line 226.
LaTeX Font Info:    ... okay on input line 226.
LaTeX Font Info:    Checking defaults for OMS/cmsy/m/n on input line 226.
LaTeX Font Info:    ... okay on input line 226.
LaTeX Font Info:    Checking defaults for OT1/cmr/m/n on input line 226.
LaTeX Font Info:    ... okay on input line 226.
LaTeX Font Info:    Checking defaults for T1/cmr/m/n on input line 226.
LaTeX Font Info:    ... okay on input line 226.
LaTeX Font Info:    Checking defaults for TS1/cmr/m/n on input line 226.
LaTeX Font Info:    ... okay on input line 226.
LaTeX Font Info:    Checking defaults for OMX/cmex/m/n on input line 226.
LaTeX Font Info:    ... okay on input line 226.
LaTeX Font Info:    Checking defaults for U/cmr/m/n on input line 226.
LaTeX Font Info:    ... okay on input line 226.
LaTeX Font Info:    Checking defaults for PD1/pdf/m/n on input line 226.
LaTeX Font Info:    ... okay on input line 226.
LaTeX Font Info:    Checking defaults for PU/pdf/m/n on input line 226.
LaTeX Font Info:    ... okay on input line 226.
LaTeX Info: Redefining \. on input line 226.
LaTeX Info: Redefining \% on input line 226.
\c@lstlisting=\count332

(C:\Users\Cris1\AppData\Local\Programs\MiKTeX\tex/context/base/mkii\supp-pdf.mk
ii
[Loading MPS to PDF converter (version 2006.09.02).]
\scratchcounter=\count333
\scratchdimen=\dimen189
\scratchbox=\box114
\nofMPsegments=\count334
\nofMParguments=\count335
\everyMPshowfont=\toks38
\MPscratchCnt=\count336
\MPscratchDim=\dimen190
\MPnumerator=\count337
\makeMPintoPDFobject=\count338
\everyMPtoPDFconversion=\toks39
)
(C:\Users\Cris1\AppData\Local\Programs\MiKTeX\tex/latex/epstopdf-pkg\epstopdf-b
ase.sty
Package: epstopdf-base 2020-01-24 v2.11 Base part for package epstopdf
Package epstopdf-base Info: Redefining graphics rule for `.eps' on input line 4
85.

(C:\Users\Cris1\AppData\Local\Programs\MiKTeX\tex/latex/00miktex\epstopdf-sys.c
fg
File: epstopdf-sys.cfg 2021/03/18 v2.0 Configuration of epstopdf for MiKTeX
))
(C:\Users\Cris1\AppData\Local\Programs\MiKTeX\tex/latex/pdflscape\pdflscape.sty
Package: pdflscape 2022-10-27 v0.13 Display of landscape pages in PDF

(C:\Users\Cris1\AppData\Local\Programs\MiKTeX\tex/latex/pdflscape\pdflscape-nom
etadata.sty
Package: pdflscape-nometadata 2022-10-28 v0.13 Display of landscape pages in PD
F (HO)

(C:\Users\Cris1\AppData\Local\Programs\MiKTeX\tex/latex/graphics\lscape.sty
Package: lscape 2020/05/28 v3.02 Landscape Pages (DPC)
)
Package pdflscape Info: Auto-detected driver: pdftex on input line 81.
))
Package hyperref Info: Link coloring ON on input line 226.

(proyecto.out) (proyecto.out)
\@outlinefile=\write3
\openout3 = `proyecto.out'.

Class scrbook Info: loading recommended package `bookmark'.
(scrbook)           Using `bookmark' together with `hyperref' is recommended,
(scrbook)           because of handling of possible bookmark level gaps.
(scrbook)           You can avoid loading `bookmark' with KOMA-Script option
(scrbook)           `bookmarkpackage=false' before \begin{document} and
(scrbook)           you can avoid this message adding:
(scrbook)             \usepackage{bookmark}
(scrbook)           before \begin{document} on input line 226.
Class scrbook Info: temporary deactivation of babel-spanish quoting  on input l
ine 226.

(C:\Users\Cris1\AppData\Local\Programs\MiKTeX\tex/latex/bookmark\bookmark.sty
Package: bookmark 2023-12-10 v1.31 PDF bookmarks (HO)

(C:\Users\Cris1\AppData\Local\Programs\MiKTeX\tex/latex/bookmark\bkm-pdftex.def
File: bkm-pdftex.def 2023-12-10 v1.31 bookmark driver for pdfTeX and luaTeX (HO
)
\BKM@id=\count339
))
Class scrbook Info: reactivation of babel-spanish quoting  on input line 226.
\big@size=\dimen191
\c@mv@tabular=\count340
\c@mv@boldtabular=\count341
 (portada/portada.tex
\centeroffset=\skip97
<imagenes/logo_ugr.jpg, id=3, 777.90625pt x 231.86626pt>
File: imagenes/logo_ugr.jpg Graphic file (type jpg)
<use imagenes/logo_ugr.jpg>
Package pdftex.def Info: imagenes/logo_ugr.jpg  used on input line 11.
(pdftex.def)             Requested size: 367.46489pt x 109.52907pt.
LaTeX Font Info:    Trying to load font information for OT1+pplx on input line 
22.

(C:\Users\Cris1\AppData\Local\Programs\MiKTeX\tex/latex/psnfss\ot1pplx.fd
File: ot1pplx.fd 2004/09/06 font definitions for OT1/pplx.
)
LaTeX Font Info:    Trying to load font information for OML+zplm on input line 
22.

(C:\Users\Cris1\AppData\Local\Programs\MiKTeX\tex/latex/psnfss\omlzplm.fd
File: omlzplm.fd 2002/09/08 Fontinst v1.914 font definitions for OML/zplm.
)
LaTeX Font Info:    Trying to load font information for OMS+zplm on input line 
22.

(C:\Users\Cris1\AppData\Local\Programs\MiKTeX\tex/latex/psnfss\omszplm.fd
File: omszplm.fd 2002/09/08 Fontinst v1.914 font definitions for OMS/zplm.
)
LaTeX Font Info:    Trying to load font information for OMX+zplm on input line 
22.

(C:\Users\Cris1\AppData\Local\Programs\MiKTeX\tex/latex/psnfss\omxzplm.fd
File: omxzplm.fd 2002/09/08 Fontinst v1.914 font definitions for OMX/zplm.
)
LaTeX Font Info:    Trying to load font information for OT1+zplm on input line 
22.

(C:\Users\Cris1\AppData\Local\Programs\MiKTeX\tex/latex/psnfss\ot1zplm.fd
File: ot1zplm.fd 2002/09/08 Fontinst v1.914 font definitions for OT1/zplm.
)
Overfull \hbox (22.0509pt too wide) in paragraph at lines 8--23
| $[]$ 
 []

<imagenes/etsiit_logo.png, id=4, 110.814pt x 40.4712pt>
File: imagenes/etsiit_logo.png Graphic file (type png)
<use imagenes/etsiit_logo.png>
Package pdftex.def Info: imagenes/etsiit_logo.png  used on input line 33.
(pdftex.def)             Requested size: 122.49037pt x 44.73582pt.

Overfull \hbox (22.0509pt too wide) in paragraph at lines 25--40
| $[]$ 
 []

[1



{C:/Users/Cris1/AppData/Local/MiKTeX/fonts/map/pdftex/pdftex.map}{C:/Users/Cris
1/AppData/Local/Programs/MiKTeX/fonts/enc/dvips/base/8r.enc} <./imagenes/logo_u
gr.jpg> <./imagenes/etsiit_logo.png>]) (prefacios/prefacio.tex [2


]
LaTeX Font Info:    Trying to load font information for T1+Cabin-TLF on input l
ine 1.

(C:\Users\Cris1\AppData\Local\Programs\MiKTeX\tex/latex/cabin\t1cabin-tlf.fd
File: T1Cabin-TLF.fd 2020/07/15 (autoinst) Font definitions for T1/Cabin-TLF.
)
LaTeX Font Info:    Font shape `T1/Cabin-TLF/m/n' aliased to
(Font)              `T1/Cabin-TLF/regular/n' on input line 1.
LaTeX Font Info:    Font shape `T1/Cabin-TLF/regular/n' will be
(Font)              scaled to size 10.40245pt on input line 1.
LaTeX Font Info:    Font shape `T1/Cabin-TLF/b/n' aliased to
(Font)              `T1/Cabin-TLF/bold/n' on input line 1.
LaTeX Font Info:    Font shape `T1/Cabin-TLF/bold/n' will be
(Font)              scaled to size 10.40245pt on input line 1.
LaTeX Font Info:    Font shape `T1/Cabin-TLF/b/n' aliased to
(Font)              `T1/Cabin-TLF/bold/n' on input line 1.
LaTeX Font Info:    Font shape `T1/Cabin-TLF/bold/n' will be
(Font)              scaled to size 19.70294pt on input line 1.

(portada/portada_2.tex [3] [4


]
<imagenes/logo.png, id=28, 256.96pt x 256.96pt>
File: imagenes/logo.png Graphic file (type png)
<use imagenes/logo.png>
Package pdftex.def Info: imagenes/logo.png  used on input line 21.
(pdftex.def)             Requested size: 89.93733pt x 89.93733pt.

Overfull \hbox (22.0509pt too wide) in paragraph at lines 8--31
| $[]$ 
 []


Overfull \hbox (22.0509pt too wide) in paragraph at lines 33--47
| $[]$
 []

[5 <./imagenes/logo.png>]) [6


]
Underfull \hbox (badness 10000) in paragraph at lines 22--23

 []


Underfull \hbox (badness 10000) in paragraph at lines 25--26

 []

[7] [8]
Underfull \hbox (badness 10000) in paragraph at lines 51--52

 []


Underfull \hbox (badness 10000) in paragraph at lines 54--55

 []

[9


] [10]
Underfull \hbox (badness 10000) in paragraph at lines 72--73

 []

[11


] [12


]
Underfull \hbox (badness 10000) in paragraph at lines 93--94

 []

[13] [14


]) [15{C:/Users/Cris1/AppData/Local/Programs/MiKTeX/fonts/enc/dvips/cabin/cbn_i
3ioen.enc}] [16


] (proyecto.toc
LaTeX Info: Redefining \. on input line 1.
LaTeX Info: Redefining \% on input line 1.
LaTeX Info: Redefining \. on input line 2.
LaTeX Info: Redefining \% on input line 2.
Package tocbasic Info: Using my definition of `\numberline' on input line 3.
Package tocbasic Info: Using my definition of `\numberline' on input line 4.
Package tocbasic Info: Using my definition of `\numberline' on input line 5.
Package tocbasic Info: Using my definition of `\numberline' on input line 6.
Package tocbasic Info: Using my definition of `\numberline' on input line 7.
Package tocbasic Info: Using my definition of `\numberline' on input line 8.
Package tocbasic Info: Using my definition of `\numberline' on input line 9.
Package tocbasic Info: Using my definition of `\numberline' on input line 10.
Package tocbasic Info: Using my definition of `\numberline' on input line 11.
Package tocbasic Info: Using my definition of `\numberline' on input line 12.
Package tocbasic Info: Using my definition of `\numberline' on input line 13.
Package tocbasic Info: Using my definition of `\numberline' on input line 17.
Package tocbasic Info: Using my definition of `\numberline' on input line 18.
Package tocbasic Info: Using my definition of `\numberline' on input line 19.
Package tocbasic Info: Using my definition of `\numberline' on input line 20.
Package tocbasic Info: Using my definition of `\numberline' on input line 21.
Package tocbasic Info: Using my definition of `\numberline' on input line 22.
Package tocbasic Info: Using my definition of `\numberline' on input line 23.
Package tocbasic Info: Using my definition of `\numberline' on input line 24.
Package tocbasic Info: Using my definition of `\numberline' on input line 25.
Package tocbasic Info: Using my definition of `\numberline' on input line 28.
Package tocbasic Info: Using my definition of `\numberline' on input line 29.
Package tocbasic Info: Using my definition of `\numberline' on input line 30.
Package tocbasic Info: Using my definition of `\numberline' on input line 31.
Package tocbasic Info: Using my definition of `\numberline' on input line 32.
Package tocbasic Info: Using my definition of `\numberline' on input line 33.
Package tocbasic Info: Using my definition of `\numberline' on input line 34.
Package tocbasic Info: Using my definition of `\numberline' on input line 35.
Package tocbasic Info: Using my definition of `\numberline' on input line 36.
Package tocbasic Info: Using my definition of `\numberline' on input line 37.
Package tocbasic Info: Using my definition of `\numberline' on input line 38.
Package tocbasic Info: Using my definition of `\numberline' on input line 39.
Package tocbasic Info: Using my definition of `\numberline' on input line 40.
Package tocbasic Info: Using my definition of `\numberline' on input line 41.
 [17]
Package tocbasic Info: Using my definition of `\numberline' on input line 42.
Package tocbasic Info: Using my definition of `\numberline' on input line 43.
Package tocbasic Info: Using my definition of `\numberline' on input line 44.
Package tocbasic Info: Using my definition of `\numberline' on input line 45.
Package tocbasic Info: Using my definition of `\numberline' on input line 46.
Package tocbasic Info: Using my definition of `\numberline' on input line 47.
Package tocbasic Info: Using my definition of `\numberline' on input line 48.
Package tocbasic Info: Using my definition of `\numberline' on input line 49.
Package tocbasic Info: Using my definition of `\numberline' on input line 50.
Package tocbasic Info: Using my definition of `\numberline' on input line 51.
Package tocbasic Info: Using my definition of `\numberline' on input line 52.
Package tocbasic Info: Using my definition of `\numberline' on input line 53.
Package tocbasic Info: Using my definition of `\numberline' on input line 54.
Package tocbasic Info: Using my definition of `\numberline' on input line 55.
Package tocbasic Info: Using my definition of `\numberline' on input line 56.
Package tocbasic Info: Using my definition of `\numberline' on input line 57.
Package tocbasic Info: Using my definition of `\numberline' on input line 58.
Package tocbasic Info: Using my definition of `\numberline' on input line 59.
Package tocbasic Info: Using my definition of `\numberline' on input line 60.
Package tocbasic Info: Using my definition of `\numberline' on input line 63.
Package tocbasic Info: Using my definition of `\numberline' on input line 67.
Package tocbasic Info: Using my definition of `\numberline' on input line 71.
Package tocbasic Info: Using my definition of `\numberline' on input line 72.
Package tocbasic Info: Using my definition of `\numberline' on input line 73.
Package tocbasic Info: Using my definition of `\numberline' on input line 75.
Package tocbasic Info: Using my definition of `\numberline' on input line 77.
Package tocbasic Info: Using my definition of `\numberline' on input line 78.
Package tocbasic Info: Using my definition of `\numberline' on input line 79.
Package tocbasic Info: Using my definition of `\numberline' on input line 80.
Package tocbasic Info: Using my definition of `\numberline' on input line 81.
Package tocbasic Info: Using my definition of `\numberline' on input line 82.
Package tocbasic Info: Using my definition of `\numberline' on input line 83.
Package tocbasic Info: Using my definition of `\numberline' on input line 86.
Package tocbasic Info: Using my definition of `\numberline' on input line 89.
Package tocbasic Info: Using my definition of `\numberline' on input line 92.
Package tocbasic Info: Using my definition of `\numberline' on input line 93.
Package tocbasic Info: Using my definition of `\numberline' on input line 94.
Package tocbasic Info: Using my definition of `\numberline' on input line 95.

Underfull \vbox (badness 10000) has occurred while \output is active []

 [18]
Package tocbasic Info: Using my definition of `\numberline' on input line 98.
Package tocbasic Info: Using my definition of `\numberline' on input line 102.
Package tocbasic Info: Using my definition of `\numberline' on input line 103.
Package tocbasic Info: Using my definition of `\numberline' on input line 104.
Package tocbasic Info: Using my definition of `\numberline' on input line 105.
Package tocbasic Info: Using my definition of `\numberline' on input line 106.
Package tocbasic Info: Using my definition of `\numberline' on input line 107.
Package tocbasic Info: Using my definition of `\numberline' on input line 108.
Package tocbasic Info: Using my definition of `\numberline' on input line 109.
Package tocbasic Info: Using my definition of `\numberline' on input line 112.
Package tocbasic Info: Using my definition of `\numberline' on input line 113.
Package tocbasic Info: Using my definition of `\numberline' on input line 114.
Package tocbasic Info: Using my definition of `\numberline' on input line 115.
Package tocbasic Info: Using my definition of `\numberline' on input line 116.
Package tocbasic Info: Using my definition of `\numberline' on input line 117.
Package tocbasic Info: Using my definition of `\numberline' on input line 118.
)
\tf@toc=\write4
\openout4 = `proyecto.toc'.


[19] [20


] (proyecto.lof
LaTeX Info: Redefining \. on input line 1.
LaTeX Info: Redefining \% on input line 1.
LaTeX Info: Redefining \. on input line 2.
LaTeX Info: Redefining \% on input line 2.
Package tocbasic Info: Using my definition of `\numberline' on input line 4.
Package tocbasic Info: Using my definition of `\numberline' on input line 6.
Package tocbasic Info: Using my definition of `\numberline' on input line 7.
Package tocbasic Info: Using my definition of `\numberline' on input line 8.
Package tocbasic Info: Using my definition of `\numberline' on input line 9.
Package tocbasic Info: Using my definition of `\numberline' on input line 10.
Package tocbasic Info: Using my definition of `\numberline' on input line 11.
Package tocbasic Info: Using my definition of `\numberline' on input line 12.
Package tocbasic Info: Using my definition of `\numberline' on input line 13.
Package tocbasic Info: Using my definition of `\numberline' on input line 14.
Package tocbasic Info: Using my definition of `\numberline' on input line 15.
Package tocbasic Info: Using my definition of `\numberline' on input line 16.
Package tocbasic Info: Using my definition of `\numberline' on input line 17.
Package tocbasic Info: Using my definition of `\numberline' on input line 18.
Package tocbasic Info: Using my definition of `\numberline' on input line 19.
Package tocbasic Info: Using my definition of `\numberline' on input line 20.
Package tocbasic Info: Using my definition of `\numberline' on input line 21.
Package tocbasic Info: Using my definition of `\numberline' on input line 23.
Package tocbasic Info: Using my definition of `\numberline' on input line 24.
Package tocbasic Info: Using my definition of `\numberline' on input line 25.
Package tocbasic Info: Using my definition of `\numberline' on input line 28.
Package tocbasic Info: Using my definition of `\numberline' on input line 29.
Package tocbasic Info: Using my definition of `\numberline' on input line 30.
Package tocbasic Info: Using my definition of `\numberline' on input line 31.
Package tocbasic Info: Using my definition of `\numberline' on input line 32.
Package tocbasic Info: Using my definition of `\numberline' on input line 33.
Package tocbasic Info: Using my definition of `\numberline' on input line 34.
Package tocbasic Info: Using my definition of `\numberline' on input line 35.
Package tocbasic Info: Using my definition of `\numberline' on input line 36.
Package tocbasic Info: Using my definition of `\numberline' on input line 37.
Package tocbasic Info: Using my definition of `\numberline' on input line 39.
Package tocbasic Info: Using my definition of `\numberline' on input line 40.
Package tocbasic Info: Using my definition of `\numberline' on input line 42.
 [21]
Package tocbasic Info: Using my definition of `\numberline' on input line 43.
Package tocbasic Info: Using my definition of `\numberline' on input line 44.
Package tocbasic Info: Using my definition of `\numberline' on input line 45.
Package tocbasic Info: Using my definition of `\numberline' on input line 46.
Package tocbasic Info: Using my definition of `\numberline' on input line 47.
Package tocbasic Info: Using my definition of `\numberline' on input line 48.
Package tocbasic Info: Using my definition of `\numberline' on input line 49.
Package tocbasic Info: Using my definition of `\numberline' on input line 50.
Package tocbasic Info: Using my definition of `\numberline' on input line 51.
Package tocbasic Info: Using my definition of `\numberline' on input line 52.
Package tocbasic Info: Using my definition of `\numberline' on input line 53.
Package tocbasic Info: Using my definition of `\numberline' on input line 54.
Package tocbasic Info: Using my definition of `\numberline' on input line 55.
Package tocbasic Info: Using my definition of `\numberline' on input line 56.
Package tocbasic Info: Using my definition of `\numberline' on input line 57.
Package tocbasic Info: Using my definition of `\numberline' on input line 58.
Package tocbasic Info: Using my definition of `\numberline' on input line 63.
Package tocbasic Info: Using my definition of `\numberline' on input line 66.
)
\tf@lof=\write5
\openout5 = `proyecto.lof'.

 [22] (proyecto.lot
LaTeX Info: Redefining \. on input line 1.
LaTeX Info: Redefining \% on input line 1.
LaTeX Info: Redefining \. on input line 2.
LaTeX Info: Redefining \% on input line 2.
Package tocbasic Info: Using my definition of `\numberline' on input line 4.
Package tocbasic Info: Using my definition of `\numberline' on input line 6.
Package tocbasic Info: Using my definition of `\numberline' on input line 7.
Package tocbasic Info: Using my definition of `\numberline' on input line 8.
Package tocbasic Info: Using my definition of `\numberline' on input line 9.
Package tocbasic Info: Using my definition of `\numberline' on input line 10.
Package tocbasic Info: Using my definition of `\numberline' on input line 11.
Package tocbasic Info: Using my definition of `\numberline' on input line 12.
Package tocbasic Info: Using my definition of `\numberline' on input line 14.
Package tocbasic Info: Using my definition of `\numberline' on input line 16.
Package tocbasic Info: Using my definition of `\numberline' on input line 17.
Package tocbasic Info: Using my definition of `\numberline' on input line 20.
Package tocbasic Info: Using my definition of `\numberline' on input line 22.
Package tocbasic Info: Using my definition of `\numberline' on input line 23.
Package tocbasic Info: Using my definition of `\numberline' on input line 24.
Package tocbasic Info: Using my definition of `\numberline' on input line 25.
Package tocbasic Info: Using my definition of `\numberline' on input line 26.
Package tocbasic Info: Using my definition of `\numberline' on input line 27.
Package tocbasic Info: Using my definition of `\numberline' on input line 28.
Package tocbasic Info: Using my definition of `\numberline' on input line 35.
Package tocbasic Info: Using my definition of `\numberline' on input line 38.
Package tocbasic Info: Using my definition of `\numberline' on input line 39.
Package tocbasic Info: Using my definition of `\numberline' on input line 41.
Package tocbasic Info: Using my definition of `\numberline' on input line 42.
Package tocbasic Info: Using my definition of `\numberline' on input line 43.
Package tocbasic Info: Using my definition of `\numberline' on input line 44.
Package tocbasic Info: Using my definition of `\numberline' on input line 45.
Package tocbasic Info: Using my definition of `\numberline' on input line 46.
Package tocbasic Info: Using my definition of `\numberline' on input line 47.
 [23


]
Package tocbasic Info: Using my definition of `\numberline' on input line 48.
Package tocbasic Info: Using my definition of `\numberline' on input line 49.
Package tocbasic Info: Using my definition of `\numberline' on input line 51.
Package tocbasic Info: Using my definition of `\numberline' on input line 52.
Package tocbasic Info: Using my definition of `\numberline' on input line 53.
Package tocbasic Info: Using my definition of `\numberline' on input line 54.
Package tocbasic Info: Using my definition of `\numberline' on input line 55.
Package tocbasic Info: Using my definition of `\numberline' on input line 56.
Package tocbasic Info: Using my definition of `\numberline' on input line 57.
Package tocbasic Info: Using my definition of `\numberline' on input line 58.
Package tocbasic Info: Using my definition of `\numberline' on input line 59.
Package tocbasic Info: Using my definition of `\numberline' on input line 60.
Package tocbasic Info: Using my definition of `\numberline' on input line 61.
Package tocbasic Info: Using my definition of `\numberline' on input line 62.
Package tocbasic Info: Using my definition of `\numberline' on input line 63.
Package tocbasic Info: Using my definition of `\numberline' on input line 64.
)
\tf@lot=\write6
\openout6 = `proyecto.lot'.

 [24]
(capitulos/01_Introduccion.tex
chapter 1.

Class scrbook Warning: \float@addtolists detected!
(scrbook)              Implementation of \float@addtolist became
(scrbook)              deprecated in KOMA-Script v3.01 2008/11/14 and
(scrbook)              has been replaced by several more flexible
(scrbook)              features of package `tocbasic`.
(scrbook)              Since Version 3.12 support for deprecated
(scrbook)              \float@addtolist interface has been
(scrbook)              restricted to only some of the KOMA-Script
(scrbook)              features and been removed from others.
(scrbook)              Loading of package `scrhack' may help to
(scrbook)              avoid this warning, if you are using a
(scrbook)              a package that still implements the
(scrbook)              deprecated \float@addtolist interface.

LaTeX Font Info:    Font shape `T1/Cabin-TLF/b/n' aliased to
(Font)              `T1/Cabin-TLF/bold/n' on input line 5.
LaTeX Font Info:    Font shape `T1/Cabin-TLF/bold/n' will be
(Font)              scaled to size 13.67995pt on input line 5.

Underfull \hbox (badness 10000) in paragraph at lines 7--8

 []


Underfull \hbox (badness 10000) in paragraph at lines 9--10

 []


Underfull \hbox (badness 10000) in paragraph at lines 11--12

 []


Underfull \hbox (badness 10000) in paragraph at lines 13--14

 []

[25


]
Underfull \hbox (badness 10000) in paragraph at lines 15--16

 []


Underfull \hbox (badness 10000) in paragraph at lines 17--18

 []


Underfull \hbox (badness 10000) in paragraph at lines 19--20

 []


Underfull \hbox (badness 10000) in paragraph at lines 21--22

 []

[26]
LaTeX Font Info:    Font shape `T1/Cabin-TLF/b/n' aliased to
(Font)              `T1/Cabin-TLF/bold/n' on input line 24.
LaTeX Font Info:    Font shape `T1/Cabin-TLF/bold/n' will be
(Font)              scaled to size 11.39996pt on input line 24.
LaTeX Font Info:    Trying to load font information for TS1+pplj on input line 
31.
 (C:\Users\Cris1\AppData\Local\Programs\MiKTeX\tex/latex/psnfss\ts1pplj.fd
File: ts1pplj.fd 2004/09/06 font definitions for TS1/pplj.
) [27]
Underfull \hbox (badness 10000) in paragraph at lines 52--53

 []


Underfull \hbox (badness 10000) in paragraph at lines 54--55

 []


Underfull \hbox (badness 10000) in paragraph at lines 56--57

 []


Underfull \hbox (badness 10000) in paragraph at lines 58--59

 []

[28] [29]
LaTeX Font Info:    Trying to load font information for T1+cmtt on input line 8
5.

(C:\Users\Cris1\AppData\Local\Programs\MiKTeX\tex/latex/base\t1cmtt.fd
File: t1cmtt.fd 2023/04/13 v2.5m Standard LaTeX font definitions
)
[30]
<imagenes/ganttplan.png, id=592, 2314.6475pt x 870.25125pt>
File: imagenes/ganttplan.png Graphic file (type png)
<use imagenes/ganttplan.png>
Package pdftex.def Info: imagenes/ganttplan.png  used on input line 122.
(pdftex.def)             Requested size: 406.23491pt x 152.73445pt.

Underfull \vbox (badness 10000) has occurred while \output is active []

 [31])
(capitulos/02_EstadoArte.tex [32 <./imagenes/ganttplan.png>]
chapter 2.
[33


] [34]
<imagenes/squeezenet.png, id=634, 1544.77126pt x 1117.17375pt>
File: imagenes/squeezenet.png Graphic file (type png)
<use imagenes/squeezenet.png>
Package pdftex.def Info: imagenes/squeezenet.png  used on input line 36.
(pdftex.def)             Requested size: 308.94878pt x 223.43079pt.

Underfull \hbox (badness 10000) in paragraph at lines 51--52

 []

[35 <./imagenes/squeezenet.png>]
Underfull \hbox (badness 10000) in paragraph at lines 72--73

 []

[36]
<imagenes/depthwise.png, id=656, 913.4125pt x 1149.29375pt>
File: imagenes/depthwise.png Graphic file (type png)
<use imagenes/depthwise.png>
Package pdftex.def Info: imagenes/depthwise.png  used on input line 84.
(pdftex.def)             Requested size: 205.52287pt x 258.59747pt.

Underfull \hbox (badness 10000) in paragraph at lines 89--91

 []


Underfull \hbox (badness 10000) in paragraph at lines 92--93

 []

[37 <./imagenes/depthwise.png>]
<imagenes/invertedres.png, id=670, 978.65625pt x 333.245pt>
File: imagenes/invertedres.png Graphic file (type png)
<use imagenes/invertedres.png>
Package pdftex.def Info: imagenes/invertedres.png  used on input line 104.
(pdftex.def)             Requested size: 293.59914pt x 99.97426pt.
 [38 <./imagenes/invertedres.png>]
<imagenes/MobileNetV2.png, id=681, 777.90625pt x 587.19376pt>
File: imagenes/MobileNetV2.png Graphic file (type png)
<use imagenes/MobileNetV2.png>
Package pdftex.def Info: imagenes/MobileNetV2.png  used on input line 117.
(pdftex.def)             Requested size: 233.37367pt x 176.15948pt.
 [39 <./imagenes/MobileNetV2.png>]
<imagenes/mbnetv3-large.png, id=696, 1092.08pt x 1212.53pt>
File: imagenes/mbnetv3-large.png Graphic file (type png)
<use imagenes/mbnetv3-large.png>
Package pdftex.def Info: imagenes/mbnetv3-large.png  used on input line 138.
(pdftex.def)             Requested size: 273.01933pt x 303.13176pt.
<imagenes/mbnetv3-small.png, id=699, 1039.885pt x 783.92876pt>
File: imagenes/mbnetv3-small.png Graphic file (type png)
<use imagenes/mbnetv3-small.png>
Package pdftex.def Info: imagenes/mbnetv3-small.png  used on input line 146.
(pdftex.def)             Requested size: 259.97061pt x 195.9817pt.

Underfull \vbox (badness 10000) has occurred while \output is active []

 [40 <./imagenes/mbnetv3-large.png>]
<imagenes/shufflechannels.png, id=712, 2066.72125pt x 789.95125pt>
File: imagenes/shufflechannels.png Graphic file (type png)
<use imagenes/shufflechannels.png>
Package pdftex.def Info: imagenes/shufflechannels.png  used on input line 161.
(pdftex.def)             Requested size: 413.33693pt x 157.98744pt.

Overfull \hbox (5.03983pt too wide) in paragraph at lines 161--162
 [][] 
 []


Underfull \vbox (badness 10000) has occurred while \output is active []

 [41 <./imagenes/mbnetv3-small.png>]
<imagenes/arquitecturashuffle.png, id=722, 1939.245pt x 844.15375pt>
File: imagenes/arquitecturashuffle.png Graphic file (type png)
<use imagenes/arquitecturashuffle.png>
Package pdftex.def Info: imagenes/arquitecturashuffle.png  used on input line 1
71.
(pdftex.def)             Requested size: 387.84213pt x 168.82776pt.
 [42 <./imagenes/shufflechannels.png> <./imagenes/arquitecturashuffle.png>]
<imagenes/efnet_scale.png, id=735, 1982.40625pt x 839.135pt>
File: imagenes/efnet_scale.png Graphic file (type png)
<use imagenes/efnet_scale.png>
Package pdftex.def Info: imagenes/efnet_scale.png  used on input line 201.
(pdftex.def)             Requested size: 396.47423pt x 167.82402pt.
 [43] [44 <./imagenes/efnet_scale.png>] [45]
LaTeX Font Info:    Trying to load font information for U+fplmbb on input line 
247.

(C:\Users\Cris1\AppData\Local\Programs\MiKTeX\tex/latex/psnfss\ufplmbb.fd
File: ufplmbb.fd 2003/10/30 Fontinst v1.914 font definitions for U/fplmbb.
)
[46] [47]
<imagenes/eflite.png, id=787, 780.9175pt x 837.1275pt>
File: imagenes/eflite.png Graphic file (type png)
<use imagenes/eflite.png>
Package pdftex.def Info: imagenes/eflite.png  used on input line 267.
(pdftex.def)             Requested size: 253.79518pt x 272.06322pt.
 [48 <./imagenes/eflite.png>]
<imagenes/gananciacuant.png, id=801, 714.67pt x 205.76875pt>
File: imagenes/gananciacuant.png Graphic file (type png)
<use imagenes/gananciacuant.png>
Package pdftex.def Info: imagenes/gananciacuant.png  used on input line 285.
(pdftex.def)             Requested size: 303.73618pt x 87.45212pt.
 [49 <./imagenes/gananciacuant.png>]
[50]
<imagenes/DiagramaBusqueda.png, id=819, 274.626pt x 456.0237pt>
File: imagenes/DiagramaBusqueda.png Graphic file (type png)
<use imagenes/DiagramaBusqueda.png>
Package pdftex.def Info: imagenes/DiagramaBusqueda.png  used on input line 310.

(pdftex.def)             Requested size: 192.23688pt x 319.2144pt.

Underfull \vbox (badness 10000) has occurred while \output is active []

 [51]
Underfull \hbox (badness 10000) in paragraph at lines 315--316

 []

[52 <./imagenes/DiagramaBusqueda.png>]
Underfull \vbox (badness 10000) has occurred while \output is active []

 [53]
[54] [55]
<imagenes/Ejemplo2020.png, id=882, 575.90157pt x 207.02344pt>
File: imagenes/Ejemplo2020.png Graphic file (type png)
<use imagenes/Ejemplo2020.png>
Package pdftex.def Info: imagenes/Ejemplo2020.png  used on input line 435.
(pdftex.def)             Requested size: 287.95007pt x 103.51146pt.
 [56 <./imagenes/Ejemplo2020.png>]
Overfull \hbox (5.95581pt too wide) in paragraph at lines 454--471
 [][] 
 []

[57]
<imagenes/results_asan.png, id=912, 736.7525pt x 614.295pt>
File: imagenes/results_asan.png Graphic file (type png)
<use imagenes/results_asan.png>
Package pdftex.def Info: imagenes/results_asan.png  used on input line 495.
(pdftex.def)             Requested size: 331.53555pt x 276.43019pt.

Underfull \vbox (badness 10000) has occurred while \output is active []

 [58]
[59 <./imagenes/results_asan.png>]
<imagenes/PH2.png, id=931, 438.8897pt x 155.07938pt>
File: imagenes/PH2.png Graphic file (type png)
<use imagenes/PH2.png>
Package pdftex.def Info: imagenes/PH2.png  used on input line 526.
(pdftex.def)             Requested size: 263.33585pt x 93.04832pt.
 [60] [61 <./imagenes/PH2.png>]
<imagenes/PAD-UFES.png, id=951, 444.91219pt x 356.0803pt>
File: imagenes/PAD-UFES.png Graphic file (type png)
<use imagenes/PAD-UFES.png>
Package pdftex.def Info: imagenes/PAD-UFES.png  used on input line 583.
(pdftex.def)             Requested size: 222.45554pt x 178.03972pt.

Underfull \vbox (badness 10000) has occurred while \output is active []

 [62]
[63 <./imagenes/PAD-UFES.png>]
Overfull \hbox (15.30284pt too wide) in paragraph at lines 598--599
\T1/pplj/m/n/10.95 pues-to por que-ra-to-sis ac-t-ni-ca (22,5$ $%), an-gio-fi-
bro-mas (14,4$ $%), an-gio-ke-ra-to-mas (13,8$ $%),
 []

<imagenes/Severance.png, id=966, 508.14844pt x 254.45062pt>
File: imagenes/Severance.png Graphic file (type png)
<use imagenes/Severance.png>
Package pdftex.def Info: imagenes/Severance.png  used on input line 606.
(pdftex.def)             Requested size: 254.0736pt x 127.22499pt.

Underfull \vbox (badness 10000) has occurred while \output is active []

 [64 <./imagenes/Severance.png>]) [65] (capitulos/03_PreprocesadoDatos.tex [66]

chapter 3.
[67


]
Underfull \hbox (badness 10000) in paragraph at lines 26--27

 []

[68]
<imagenes/formatocsv.png, id=1003, 757.83125pt x 259.97125pt>
File: imagenes/formatocsv.png Graphic file (type png)
<use imagenes/formatocsv.png>
Package pdftex.def Info: imagenes/formatocsv.png  used on input line 41.
(pdftex.def)             Requested size: 341.02092pt x 116.98598pt.
 [69 <./imagenes/formatocsv.png>]
Package hyperref Info: bookmark level for unknown algorithm defaults to 0 on in
put line 78.
 [70] [71]
Underfull \hbox (badness 1675) in paragraph at lines 206--207
[] \T1/pplj/m/n/10.95 var con-to-urs $\OMS/zplm/m/n/10.95  $ \T1/pplj/m/n/10.95
 cv2.findContours(gradient, cv2.RETR_EXTERNAL,
 []


Underfull \hbox (badness 10000) in paragraph at lines 213--214
[] \T1/pplj/m/n/10.95 var img_sin_borde = box_image[grosor_borde:-grosor_borde,

 []


Underfull \vbox (badness 1024) has occurred while \output is active []

 [72]
Underfull \vbox (badness 1596) has occurred while \output is active []

 [73]
[74] [75]
Underfull \hbox (badness 10000) in paragraph at lines 333--334
[] \T1/pplj/m/n/10.95 img_sin_borde$\OMS/zplm/m/n/10.95  $ \T1/pplj/m/n/10.95 i
mcol[grosor_borde:-grosor_borde,
 []


Underfull \vbox (badness 10000) has occurred while \output is active []

 [76]
Overfull \vbox (94.68408pt too high) has occurred while \output is active []


[77]
<imagenes/graficotarta.png, id=1077, 433.62pt x 433.62pt>
File: imagenes/graficotarta.png Graphic file (type png)
<use imagenes/graficotarta.png>
Package pdftex.def Info: imagenes/graficotarta.png  used on input line 374.
(pdftex.def)             Requested size: 227.6473pt x 227.6473pt.
 [78 <./imagenes/graficotarta.png>]
Underfull \hbox (badness 10000) in paragraph at lines 391--392

 []


Underfull \hbox (badness 10000) in paragraph at lines 393--394

 []

[79]
Underfull \hbox (badness 10000) in paragraph at lines 395--396

 []


Underfull \hbox (badness 10000) in paragraph at lines 414--416

 []

[80] [81]
Underfull \hbox (badness 10000) in paragraph at lines 463--464

 []


Underfull \hbox (badness 10000) in paragraph at lines 465--466

 []

[82]
Underfull \hbox (badness 10000) in paragraph at lines 476--478

 []


Underfull \hbox (badness 10000) in paragraph at lines 486--487

 []


Underfull \hbox (badness 10000) in paragraph at lines 488--489

 []


Underfull \hbox (badness 10000) in paragraph at lines 494--495

 []

[83]
Underfull \hbox (badness 10000) in paragraph at lines 509--510

 []

[84]
Underfull \hbox (badness 10000) in paragraph at lines 515--516

 []

<imagenes/esrgan.png, id=1127, 1957.3125pt x 386.44376pt>
File: imagenes/esrgan.png Graphic file (type png)
<use imagenes/esrgan.png>
Package pdftex.def Info: imagenes/esrgan.png  used on input line 520.
(pdftex.def)             Requested size: 391.45557pt x 77.28737pt.
[85 <./imagenes/esrgan.png>]
Underfull \vbox (badness 10000) has occurred while \output is active []

 [86]
<imagenes/194_13_orig.jpg, id=1153, 73.77562pt x 73.77562pt>
File: imagenes/194_13_orig.jpg Graphic file (type jpg)
<use imagenes/194_13_orig.jpg>
Package pdftex.def Info: imagenes/194_13_orig.jpg  used on input line 601.
(pdftex.def)             Requested size: 122.49037pt x 122.49335pt.
<imagenes/SEV_194_13.png, id=1154, 357.335pt x 357.335pt>
File: imagenes/SEV_194_13.png Graphic file (type png)
<use imagenes/SEV_194_13.png>
Package pdftex.def Info: imagenes/SEV_194_13.png  used on input line 602.
(pdftex.def)             Requested size: 122.49037pt x 122.4901pt.

[87 <./imagenes/194_13_orig.jpg> <./imagenes/SEV_194_13.png (PNG copy)>])
(capitulos/04_Deeplearning.tex [88]
chapter 4.
[89


]
Underfull \hbox (badness 10000) in paragraph at lines 37--38

 []

[90]
Underfull \hbox (badness 10000) in paragraph at lines 39--40

 []

[91] [92]
Underfull \vbox (badness 1953) has occurred while \output is active []

 [93]
[94]
Underfull \hbox (badness 10000) in paragraph at lines 169--170

 []

[95]) (capitulos/05_Aprendizaje.tex [96]
chapter 5.

Underfull \hbox (badness 10000) in paragraph at lines 5--6

 []

<imagenes/confmat.png, id=1226, 489.83pt x 336.25626pt>
File: imagenes/confmat.png Graphic file (type png)
<use imagenes/confmat.png>
Package pdftex.def Info: imagenes/confmat.png  used on input line 13.
(pdftex.def)             Requested size: 293.90025pt x 201.75531pt.

Underfull \vbox (badness 10000) has occurred while \output is active []

 [97


]
[98 <./imagenes/confmat.png>]
<imagenes/countBinary.png, id=1239, 434.70406pt x 317.2653pt>
File: imagenes/countBinary.png Graphic file (type png)
<use imagenes/countBinary.png>
Package pdftex.def Info: imagenes/countBinary.png  used on input line 41.
(pdftex.def)             Requested size: 304.29076pt x 222.0842pt.

Underfull \hbox (badness 10000) in paragraph at lines 45--46

 []

[99 <./imagenes/countBinary.png>]
Underfull \hbox (badness 10000) in paragraph at lines 49--50

 []

[100] [101] [102] [103] [104]
Underfull \hbox (badness 10000) in paragraph at lines 179--180

 []

<imagenes/earlystopping.png, id=1283, 723.70375pt x 586.19pt>
File: imagenes/earlystopping.png Graphic file (type png)
<use imagenes/earlystopping.png>
Package pdftex.def Info: imagenes/earlystopping.png  used on input line 189.
(pdftex.def)             Requested size: 123.028pt x 99.65097pt.

Underfull \vbox (badness 10000) has occurred while \output is active []

 [105]
[106 <./imagenes/earlystopping.png>]
Underfull \hbox (badness 10000) in paragraph at lines 218--219

 []

[107] [108]
<imagenes/bin_class_resnetfreeze.png, id=1313, 462.528pt x 346.896pt>
File: imagenes/bin_class_resnetfreeze.png Graphic file (type png)
<use imagenes/bin_class_resnetfreeze.png>
Package pdftex.def Info: imagenes/bin_class_resnetfreeze.png  used on input lin
e 252.
(pdftex.def)             Requested size: 183.73244pt x 137.79787pt.
<imagenes/bin_class_resnetunfreeze.png, id=1314, 462.528pt x 346.896pt>
File: imagenes/bin_class_resnetunfreeze.png Graphic file (type png)
<use imagenes/bin_class_resnetunfreeze.png>
Package pdftex.def Info: imagenes/bin_class_resnetunfreeze.png  used on input l
ine 253.
(pdftex.def)             Requested size: 183.73244pt x 137.79787pt.

Underfull \vbox (badness 10000) has occurred while \output is active []

 [109 <./imagenes/bin_class_resnetfreeze.png> <./imagenes/bin_class_resnetunfre
eze.png>]
<imagenes/bin_class_efnetfreeze.png, id=1326, 462.528pt x 346.896pt>
File: imagenes/bin_class_efnetfreeze.png Graphic file (type png)
<use imagenes/bin_class_efnetfreeze.png>
Package pdftex.def Info: imagenes/bin_class_efnetfreeze.png  used on input line
 290.
(pdftex.def)             Requested size: 183.73244pt x 137.79787pt.
<imagenes/bin_class_efnetunfreeze.png, id=1327, 462.528pt x 346.896pt>
File: imagenes/bin_class_efnetunfreeze.png Graphic file (type png)
<use imagenes/bin_class_efnetunfreeze.png>
Package pdftex.def Info: imagenes/bin_class_efnetunfreeze.png  used on input li
ne 291.
(pdftex.def)             Requested size: 183.73244pt x 137.79787pt.

[110 <./imagenes/bin_class_efnetfreeze.png> <./imagenes/bin_class_efnetunfreeze
.png>] [111]
<imagenes/perdidasmobv2_freeze_equilib.png, id=1346, 462.528pt x 346.896pt>
File: imagenes/perdidasmobv2_freeze_equilib.png Graphic file (type png)
<use imagenes/perdidasmobv2_freeze_equilib.png>
Package pdftex.def Info: imagenes/perdidasmobv2_freeze_equilib.png  used on inp
ut line 333.
(pdftex.def)             Requested size: 183.73244pt x 137.79787pt.
<imagenes/perdidasmobv2_unfreeze_equilib.png, id=1347, 462.528pt x 346.896pt>
File: imagenes/perdidasmobv2_unfreeze_equilib.png Graphic file (type png)
<use imagenes/perdidasmobv2_unfreeze_equilib.png>
Package pdftex.def Info: imagenes/perdidasmobv2_unfreeze_equilib.png  used on i
nput line 334.
(pdftex.def)             Requested size: 183.73244pt x 137.79787pt.
 [112 <./imagenes/perdidasmobv2_freeze_equilib.png> <./imagenes/perdidasmobv2_u
nfreeze_equilib.png>]
Underfull \hbox (badness 10000) in paragraph at lines 343--344

 []


Underfull \hbox (badness 10000) in paragraph at lines 361--362

 []


Underfull \hbox (badness 10000) in paragraph at lines 363--364

 []


Underfull \hbox (badness 10000) in paragraph at lines 365--366

 []

[113]
<imagenes/tamestimado.png, id=1362, 462.528pt x 346.896pt>
File: imagenes/tamestimado.png Graphic file (type png)
<use imagenes/tamestimado.png>
Package pdftex.def Info: imagenes/tamestimado.png  used on input line 371.
(pdftex.def)             Requested size: 277.51894pt x 208.13919pt.

Underfull \hbox (badness 10000) in paragraph at lines 381--382

 []

[114 <./imagenes/tamestimado.png>]
<imagenes/countmalignant.png, id=1369, 427.1157pt x 434.70406pt>
File: imagenes/countmalignant.png Graphic file (type png)
<use imagenes/countmalignant.png>
Package pdftex.def Info: imagenes/countmalignant.png  used on input line 403.
(pdftex.def)             Requested size: 256.2714pt x 260.82443pt.

Underfull \vbox (badness 10000) has occurred while \output is active []

 [115]
[116 <./imagenes/countmalignant.png>]
<imagenes/malignant_freeze.png, id=1386, 462.528pt x 346.896pt>
File: imagenes/malignant_freeze.png Graphic file (type png)
<use imagenes/malignant_freeze.png>
Package pdftex.def Info: imagenes/malignant_freeze.png  used on input line 448.

(pdftex.def)             Requested size: 193.9436pt x 145.45712pt.
<imagenes/malignant_unfreeze.png, id=1387, 462.528pt x 346.896pt>
File: imagenes/malignant_unfreeze.png Graphic file (type png)
<use imagenes/malignant_unfreeze.png>
Package pdftex.def Info: imagenes/malignant_unfreeze.png  used on input line 44
9.
(pdftex.def)             Requested size: 193.9436pt x 145.45712pt.
 [117 <./imagenes/malignant_freeze.png> <./imagenes/malignant_unfreeze.png>] [1
18]
Underfull \hbox (badness 6188) in paragraph at lines 514--515
[]\T1/pplj/b/n/10.95 Atypical me-la-nocy-tic pro-li-fe-ra-
 []

<imagenes/countbenign.png, id=1405, 437.2335pt x 333.52605pt>
File: imagenes/countbenign.png Graphic file (type png)
<use imagenes/countbenign.png>
Package pdftex.def Info: imagenes/countbenign.png  used on input line 525.
(pdftex.def)             Requested size: 306.06136pt x 233.46663pt.

Underfull \vbox (badness 3199) has occurred while \output is active []

 [119]
[120 <./imagenes/countbenign.png>] [121] [122]) (capitulos/06_Cuantizado.tex
[123] [124


]
chapter 6.
<imagenes/pytorch-mobile.png, id=1444, 610.28pt x 727.71875pt>
File: imagenes/pytorch-mobile.png Graphic file (type png)
<use imagenes/pytorch-mobile.png>
Package pdftex.def Info: imagenes/pytorch-mobile.png  used on input line 19.
(pdftex.def)             Requested size: 305.13925pt x 363.85847pt.

Underfull \vbox (badness 3312) has occurred while \output is active []

 [125]
[126 <./imagenes/pytorch-mobile.png>] [127]
Overfull \hbox (16.65002pt too wide) in paragraph at lines 59--60
\T1/pplj/m/n/10.95 na-das pa-ra ob-te-ner el mo-de-lo ms efi-cien-te po-si-ble
 (fun-cin \T1/pplj/m/it/10.95 ex-port_for_mobile\T1/pplj/m/n/10.95 ) 
 []


Underfull \hbox (badness 10000) in paragraph at lines 83--84
[] \T1/pplj/m/n/10.95 op-ti-mi-zed_scripted_module._save_for_lite_interpreter(s
avenameFull+ ``_an-
 []

[128] [129]
Underfull \hbox (badness 10000) in paragraph at lines 113--114

 []

[130] [131] [132] [133] [134]
Underfull \vbox (badness 3209) has occurred while \output is active []

 [135]
Overfull \vbox (74.52097pt too high) has occurred while \output is active []


[136] [137]
<imagenes/tiempoinferencia.png, id=1557, 578.16pt x 433.62pt>
File: imagenes/tiempoinferencia.png Graphic file (type png)
<use imagenes/tiempoinferencia.png>
Package pdftex.def Info: imagenes/tiempoinferencia.png  used on input line 383.

(pdftex.def)             Requested size: 317.98898pt x 238.49173pt.
) (capitulos/07_Diseno.tex [138 <./imagenes/tiempoinferencia.png>]
chapter 7.
[139


] [140] [141] [142]
<imagenes/TomarFoto.png, id=1607, 393.8715pt x 258.7266pt>
File: imagenes/TomarFoto.png Graphic file (type png)
<use imagenes/TomarFoto.png>
Package pdftex.def Info: imagenes/TomarFoto.png  used on input line 119.
(pdftex.def)             Requested size: 354.48106pt x 232.85176pt.

Underfull \vbox (badness 10000) has occurred while \output is active []

 [143]
<imagenes/Historial.png, id=1612, 239.2137pt x 183.5658pt>
File: imagenes/Historial.png Graphic file (type png)
<use imagenes/Historial.png>
Package pdftex.def Info: imagenes/Historial.png  used on input line 127.
(pdftex.def)             Requested size: 239.2131pt x 183.56534pt.
<imagenes/DiagramaPaquetes.png, id=1614, 349.0641pt x 261.6174pt>
File: imagenes/DiagramaPaquetes.png Graphic file (type png)
<use imagenes/DiagramaPaquetes.png>
Package pdftex.def Info: imagenes/DiagramaPaquetes.png  used on input line 136.

(pdftex.def)             Requested size: 244.3432pt x 183.13092pt.

Underfull \vbox (badness 10000) has occurred while \output is active []

 [144 <./imagenes/TomarFoto.png> <./imagenes/Historial.png>]
<imagenes/tablausuario.png, id=1622, 1755.55875pt x 972.63374pt>
File: imagenes/tablausuario.png Graphic file (type png)
<use imagenes/tablausuario.png>
Package pdftex.def Info: imagenes/tablausuario.png  used on input line 147.
(pdftex.def)             Requested size: 395.01047pt x 218.84799pt.
 [145 <./imagenes/DiagramaPaquetes.png> <./imagenes/tablausuario.png>]
<imagenes/cu-1.png, id=1637, 1082.0425pt x 1360.08125pt>
File: imagenes/cu-1.png Graphic file (type png)
<use imagenes/cu-1.png>
Package pdftex.def Info: imagenes/cu-1.png  used on input line 158.
(pdftex.def)             Requested size: 357.07512pt x 448.8282pt.
<imagenes/cu-2.png, id=1638, 1081.03876pt x 583.17876pt>
File: imagenes/cu-2.png Graphic file (type png)
<use imagenes/cu-2.png>
Package pdftex.def Info: imagenes/cu-2.png  used on input line 166.
(pdftex.def)             Requested size: 432.40784pt x 233.26736pt.

Overfull \hbox (24.11073pt too wide) in paragraph at lines 166--167
 [][] 
 []


Underfull \vbox (badness 3219) has occurred while \output is active []

 [146 <./imagenes/cu-1.png>]
<imagenes/cu-3.png, id=1645, 901.3675pt x 1303.87125pt>
File: imagenes/cu-3.png Graphic file (type png)
<use imagenes/cu-3.png>
Package pdftex.def Info: imagenes/cu-3.png  used on input line 173.
(pdftex.def)             Requested size: 405.61162pt x 586.73665pt.

Underfull \vbox (badness 10000) has occurred while \output is active []

 [147 <./imagenes/cu-2.png>]
Overfull \vbox (19.50047pt too high) has occurred while \output is active []


[148 <./imagenes/cu-3.png>]
<imagenes/cu-4.png, id=1656, 902.37125pt x 1262.7175pt>
File: imagenes/cu-4.png Graphic file (type png)
<use imagenes/cu-4.png>
Package pdftex.def Info: imagenes/cu-4.png  used on input line 180.
(pdftex.def)             Requested size: 406.06331pt x 568.21764pt.

Overfull \vbox (0.98146pt too high) has occurred while \output is active []


[149 <./imagenes/cu-4.png>]
<imagenes/cu-5.png, id=1662, 901.3675pt x 1066.98625pt>
File: imagenes/cu-5.png Graphic file (type png)
<use imagenes/cu-5.png>
Package pdftex.def Info: imagenes/cu-5.png  used on input line 187.
(pdftex.def)             Requested size: 405.61162pt x 480.13939pt.
<imagenes/cu-6.png, id=1663, 899.36pt x 1149.29375pt>
File: imagenes/cu-6.png Graphic file (type png)
<use imagenes/cu-6.png>
Package pdftex.def Info: imagenes/cu-6.png  used on input line 194.
(pdftex.def)             Requested size: 404.70825pt x 517.17741pt.

Underfull \vbox (badness 10000) has occurred while \output is active []

 [150 <./imagenes/cu-5.png>]
<imagenes/cu-7.png, id=1669, 1084.05pt x 1173.38374pt>
File: imagenes/cu-7.png Graphic file (type png)
<use imagenes/cu-7.png>
Package pdftex.def Info: imagenes/cu-7.png  used on input line 201.
(pdftex.def)             Requested size: 406.51776pt x 440.01782pt.

Underfull \vbox (badness 10000) has occurred while \output is active []

 [151 <./imagenes/cu-6.png>]
Underfull \vbox (badness 10000) has occurred while \output is active []

 [152 <./imagenes/cu-7.png>]
<imagenes/MapaConceptual.png, id=1684, 234.8775pt x 185.0112pt>
File: imagenes/MapaConceptual.png Graphic file (type png)
<use imagenes/MapaConceptual.png>
Package pdftex.def Info: imagenes/MapaConceptual.png  used on input line 235.
(pdftex.def)             Requested size: 281.85158pt x 222.01231pt.
 [153]
<imagenes/DiagramaSecuenciaFotografia.png, id=1694, 360.6273pt x 186.4566pt>
File: imagenes/DiagramaSecuenciaFotografia.png Graphic file (type png)
<use imagenes/DiagramaSecuenciaFotografia.png>
Package pdftex.def Info: imagenes/DiagramaSecuenciaFotografia.png  used on inpu
t line 253.
(pdftex.def)             Requested size: 360.62642pt x 186.45615pt.
 [154 <./imagenes/MapaConceptual.png>]
<imagenes/DiagramaSecuenciaHistorial.png, id=1703, 359.9046pt x 127.1952pt>
File: imagenes/DiagramaSecuenciaHistorial.png Graphic file (type png)
<use imagenes/DiagramaSecuenciaHistorial.png>
Package pdftex.def Info: imagenes/DiagramaSecuenciaHistorial.png  used on input
 line 260.
(pdftex.def)             Requested size: 359.90372pt x 127.19489pt.
 [155 <./imagenes/DiagramaSecuenciaFotografia.png> <./imagenes/DiagramaSecuenci
aHistorial.png>]
<imagenes/contrato1.png, id=1721, 2419.0375pt x 964.60374pt>
File: imagenes/contrato1.png Graphic file (type png)
<use imagenes/contrato1.png>
Package pdftex.def Info: imagenes/contrato1.png  used on input line 275.
(pdftex.def)             Requested size: 387.05391pt x 154.33975pt.
<imagenes/contrato2.png, id=1722, 2419.0375pt x 964.60374pt>
File: imagenes/contrato2.png Graphic file (type png)
<use imagenes/contrato2.png>
Package pdftex.def Info: imagenes/contrato2.png  used on input line 282.
(pdftex.def)             Requested size: 387.05391pt x 154.33975pt.
<imagenes/contrato3.png, id=1723, 2419.0375pt x 964.60374pt>
File: imagenes/contrato3.png Graphic file (type png)
<use imagenes/contrato3.png>
Package pdftex.def Info: imagenes/contrato3.png  used on input line 289.
(pdftex.def)             Requested size: 387.05391pt x 154.33975pt.

Underfull \vbox (badness 10000) has occurred while \output is active []

 [156 <./imagenes/contrato1.png> <./imagenes/contrato2.png>]
<imagenes/contrato4.png, id=1730, 2423.0525pt x 1379.1525pt>
File: imagenes/contrato4.png Graphic file (type png)
<use imagenes/contrato4.png>
Package pdftex.def Info: imagenes/contrato4.png  used on input line 296.
(pdftex.def)             Requested size: 387.69632pt x 220.6689pt.
<imagenes/contrato5.png, id=1731, 2422.04875pt x 969.6225pt>
File: imagenes/contrato5.png Graphic file (type png)
<use imagenes/contrato5.png>
Package pdftex.def Info: imagenes/contrato5.png  used on input line 303.
(pdftex.def)             Requested size: 387.53572pt x 155.14276pt.

Underfull \vbox (badness 10000) has occurred while \output is active []

 [157 <./imagenes/contrato3.png> <./imagenes/contrato4.png>]
<imagenes/contrato6.png, id=1739, 1231.60126pt x 525.965pt>
File: imagenes/contrato6.png Graphic file (type png)
<use imagenes/contrato6.png>
Package pdftex.def Info: imagenes/contrato6.png  used on input line 310.
(pdftex.def)             Requested size: 387.95645pt x 165.67984pt.
 [158 <./imagenes/contrato5.png> <./imagenes/contrato6.png>]
<imagenes/TomarFotografa.png, id=1752, 470.4777pt x 208.1376pt>
File: imagenes/TomarFotografa.png Graphic file (type png)
<use imagenes/TomarFotografa.png>
Package pdftex.def Info: imagenes/TomarFotografa.png  used on input line 332.

(pdftex.def)             Requested size: 376.38266pt x 166.5103pt.
<imagenes/SeleccionarImagen.png, id=1753, 470.4777pt x 208.8603pt>
File: imagenes/SeleccionarImagen.png Graphic file (type png)
<use imagenes/SeleccionarImagen.png>
Package pdftex.def Info: imagenes/SeleccionarImagen.png  used on input line 340
.
(pdftex.def)             Requested size: 376.38266pt x 167.08846pt.

Underfull \vbox (badness 10000) has occurred while \output is active []

 [159 <./imagenes/TomarFotografa.png>]
<imagenes/RecortarRegin.png, id=1759, 471.2004pt x 224.7597pt>
File: imagenes/RecortarRegin.png Graphic file (type png)
<use imagenes/RecortarRegin.png>
Package pdftex.def Info: imagenes/RecortarRegin.png  used on input line 347.
(pdftex.def)             Requested size: 376.96082pt x 179.80798pt.
<imagenes/RealizarDiagnstico.png, id=1760, 596.2275pt x 320.1561pt>
File: imagenes/RealizarDiagnstico.png Graphic file (type png)
<use imagenes/RealizarDiagnstico.png>
Package pdftex.def Info: imagenes/RealizarDiagnstico.png  used on input line 
354.
(pdftex.def)             Requested size: 447.16953pt x 240.11647pt.

Overfull \hbox (38.87242pt too wide) in paragraph at lines 354--355
 [][] 
 []


Underfull \vbox (badness 10000) has occurred while \output is active []

 [160 <./imagenes/SeleccionarImagen.png> <./imagenes/RecortarRegin.png>]
<imagenes/HistorialSec.png, id=1767, 613.5723pt x 252.945pt>
File: imagenes/HistorialSec.png Graphic file (type png)
<use imagenes/HistorialSec.png>
Package pdftex.def Info: imagenes/HistorialSec.png  used on input line 361.
(pdftex.def)             Requested size: 460.17809pt x 189.70828pt.

Overfull \hbox (51.88098pt too wide) in paragraph at lines 361--362
 [][] 
 []

<imagenes/GetDiagnstico.png, id=1768, 465.4188pt x 270.2898pt>
File: imagenes/GetDiagnstico.png Graphic file (type png)
<use imagenes/GetDiagnstico.png>
Package pdftex.def Info: imagenes/GetDiagnstico.png  used on input line 369.
(pdftex.def)             Requested size: 349.06323pt x 202.71684pt.

Underfull \vbox (badness 10000) has occurred while \output is active []

 [161 <./imagenes/RealizarDiagnstico.png> <./imagenes/HistorialSec.png>] [162
 <./imagenes/GetDiagnstico.png>]
<imagenes/DiagramaGeneral.png, id=1791, 419.8887pt x 313.6518pt>
File: imagenes/DiagramaGeneral.png Graphic file (type png)
<use imagenes/DiagramaGeneral.png>
Package pdftex.def Info: imagenes/DiagramaGeneral.png  used on input line 392.
(pdftex.def)             Requested size: 314.91576pt x 235.23825pt.
<imagenes/androidAPP-Diagnostico.png, id=1792, 561.5379pt x 595.5048pt>
File: imagenes/androidAPP-Diagnostico.png Graphic file (type png)
<use imagenes/androidAPP-Diagnostico.png>
Package pdftex.def Info: imagenes/androidAPP-Diagnostico.png  used on input lin
e 399.
(pdftex.def)             Requested size: 421.15239pt x 446.62752pt.

Overfull \hbox (12.85529pt too wide) in paragraph at lines 399--400
 [][] 
 []


Underfull \vbox (badness 10000) has occurred while \output is active []

 [163 <./imagenes/DiagramaGeneral.png>]
<imagenes/androidAPP-Historial.png, id=1799, 535.5207pt x 371.4678pt>
File: imagenes/androidAPP-Historial.png Graphic file (type png)
<use imagenes/androidAPP-Historial.png>
Package pdftex.def Info: imagenes/androidAPP-Historial.png  used on input line 
406.
(pdftex.def)             Requested size: 401.63954pt x 278.60016pt.

Underfull \vbox (badness 10000) has occurred while \output is active []

 [164 <./imagenes/androidAPP-Diagnostico.png>] [165 <./imagenes/androidAPP-Hist
orial.png>]
<imagenes/bievenidaapp.jpg, id=1814, 1084.05pt x 2348.775pt>
File: imagenes/bievenidaapp.jpg Graphic file (type jpg)
<use imagenes/bievenidaapp.jpg>
Package pdftex.def Info: imagenes/bievenidaapp.jpg  used on input line 423.
(pdftex.def)             Requested size: 135.50592pt x 293.59616pt.
<imagenes/menuapp.jpg, id=1815, 1084.05pt x 2348.775pt>
File: imagenes/menuapp.jpg Graphic file (type jpg)
<use imagenes/menuapp.jpg>
Package pdftex.def Info: imagenes/menuapp.jpg  used on input line 424.
(pdftex.def)             Requested size: 135.50592pt x 293.59616pt.
[166 <./imagenes/bievenidaapp.jpg> <./imagenes/menuapp.jpg>]
<imagenes/galeriaapp.jpg, id=1830, 1084.05pt x 2348.775pt>
File: imagenes/galeriaapp.jpg Graphic file (type jpg)
<use imagenes/galeriaapp.jpg>
Package pdftex.def Info: imagenes/galeriaapp.jpg  used on input line 455.
(pdftex.def)             Requested size: 135.50592pt x 293.59616pt.
<imagenes/recorteapp.jpg, id=1831, 1084.05pt x 2348.775pt>
File: imagenes/recorteapp.jpg Graphic file (type jpg)
<use imagenes/recorteapp.jpg>
Package pdftex.def Info: imagenes/recorteapp.jpg  used on input line 456.
(pdftex.def)             Requested size: 135.50592pt x 293.59616pt.
<imagenes/diagnosticobenigno.jpg, id=1832, 1084.05pt x 2348.775pt>
File: imagenes/diagnosticobenigno.jpg Graphic file (type jpg)
<use imagenes/diagnosticobenigno.jpg>
Package pdftex.def Info: imagenes/diagnosticobenigno.jpg  used on input line 46
3.
(pdftex.def)             Requested size: 135.50592pt x 293.59616pt.
<imagenes/diagnosticoapp.jpg, id=1833, 1084.05pt x 2348.775pt>
File: imagenes/diagnosticoapp.jpg Graphic file (type jpg)
<use imagenes/diagnosticoapp.jpg>
Package pdftex.def Info: imagenes/diagnosticoapp.jpg  used on input line 464.
(pdftex.def)             Requested size: 135.50592pt x 293.59616pt.
 [167] [168 <./imagenes/galeriaapp.jpg> <./imagenes/recorteapp.jpg>]
<imagenes/historialapp.jpg, id=1852, 1084.05pt x 2348.775pt>
File: imagenes/historialapp.jpg Graphic file (type jpg)
<use imagenes/historialapp.jpg>
Package pdftex.def Info: imagenes/historialapp.jpg  used on input line 489.
(pdftex.def)             Requested size: 135.50592pt x 293.59616pt.
)
Underfull \vbox (badness 10000) has occurred while \output is active []

 [169 <./imagenes/diagnosticobenigno.jpg> <./imagenes/diagnosticoapp.jpg>]
(capitulos/08_ConclusionesFuturo.tex [170 <./imagenes/historialapp.jpg>]
chapter 8.
[171


]
Overfull \hbox (13.82466pt too wide) in paragraph at lines 21--21
[][][]\T1/pplj/m/n/9 ODS: [][]$\T1/cmtt/m/n/9 https : / / www . un . org / sust
ainabledevelopment / es / objetivos-[]de-[]desarrollo-[]sostenible/$[][]| 
 []

[172] [173]) (proyecto.bbl [174]
Underfull \hbox (badness 10000) in paragraph at lines 9--12
[]\T1/pplj/m/n/10.95 Dermnet: all about skin.  [][]$\T1/cmtt/m/n/10.95 https : 
/ / dermnetnz . org /
 []


Underfull \hbox (badness 10000) in paragraph at lines 38--44
[]\T1/pplj/m/n/10.95 Vardan Agar-wal.  Bye-bye mo-bi-le-net. he-llo ef-
 []


Underfull \hbox (badness 10000) in paragraph at lines 38--44
\T1/pplj/m/n/10.95 fi-cient-net!  [][]$\T1/cmtt/m/n/10.95 https : / / towardsda
tascience . com /
 []


Underfull \hbox (badness 6876) in paragraph at lines 38--44
\T1/cmtt/m/n/10.95 bye-[]bye-[]mobilenet-[]hello-[]efficientnet-[]9b8ec2cc1a9c$
[][]\T1/pplj/m/n/10.95 , 2020.  [On-li-ne;
 []


Underfull \hbox (badness 2970) in paragraph at lines 58--64
[]\T1/pplj/m/n/10.95 MD: Na-tio-nal Can-cer Ins-ti-tu-te. Bethes-da.  Pdq tra-t
a-mien-to del cn-
 []


Underfull \hbox (badness 6641) in paragraph at lines 58--64
\T1/pplj/m/n/10.95 cer de piel.  [][]$\T1/cmtt/m/n/10.95 https : / / www . canc
er . gov / espanol / tipos / piel / paciente /
 []


Underfull \hbox (badness 7238) in paragraph at lines 66--71
[]\T1/pplj/m/n/10.95 Bill Cas-sidy, Con-nah Ken-drick, Andrzej Brod-zic-ki, Joa
n-na Jaworek-
 []

[175


]
Underfull \hbox (badness 10000) in paragraph at lines 99--105
\T1/cmtt/m/n/10.95 / / www . kaggle . com / competitions / siim-[]isic-[]melano
ma-[]classification /
 []


Underfull \hbox (badness 10000) in paragraph at lines 119--125
[]\T1/pplj/m/n/10.95 Android De-ve-lo-per.  Eta-pas del ci-clo de vi-da de la
 []


Underfull \hbox (badness 10000) in paragraph at lines 119--125
\T1/pplj/m/n/10.95 ac-ti-vi-dad.  [][]$\T1/cmtt/m/n/10.95 https : / / developer
 . android . com / codelabs /
 []


Underfull \hbox (badness 10000) in paragraph at lines 119--125
\T1/cmtt/m/n/10.95 basic-[]android-[]kotlin-[]compose-[]activity-[]lifecycle ? 
hl = es-[]419 # 0$[][]\T1/pplj/m/n/10.95 , 2023.
 []


Underfull \hbox (badness 4048) in paragraph at lines 147--151
[]\T1/pplj/m/n/10.95 Ramazan Ge-nay.  Early stop-ping ba-sed on va-li-da-tion.
  [][]$\T1/cmtt/m/n/10.95 https : / /
 []

[176]
Underfull \hbox (badness 3460) in paragraph at lines 165--171
[]\T1/pplj/m/n/10.95 Google.  Ef-fi-cient-netli-te (me-dia-pi-pe.  [][]$\T1/cmt
t/m/n/10.95 https : / / console . cloud . google .
 []


Underfull \hbox (badness 10000) in paragraph at lines 165--171
\T1/cmtt/m/n/10.95 com / vertex-[]ai / publishers / google / model-[]garden / e
fficientnetlite ? hl =
 []

[177] [178]
Underfull \hbox (badness 10000) in paragraph at lines 340--345
[]\T1/pplj/m/n/10.95 Datacamp Nisha Ar-ya Ah-med.  What is a con-fu-sion ma-
 []


Underfull \hbox (badness 10000) in paragraph at lines 340--345
\T1/pplj/m/n/10.95 trix in ma-chi-ne lear-ning?  [][]$\T1/cmtt/m/n/10.95 https 
: / / www . datacamp . com / tutorial /
 []


Underfull \hbox (badness 4096) in paragraph at lines 365--371
[]\T1/pplj/m/n/10.95 Ian Pan.  Siim-isic me-la-no-ma clas-si-fi-ca-tion, 2nd so
-lu-tion.  [][]$\T1/cmtt/m/n/10.95 https :
 []


Underfull \hbox (badness 10000) in paragraph at lines 365--371
\T1/cmtt/m/n/10.95 / / www . kaggle . com / competitions / siim-[]isic-[]melano
ma-[]classification /
 []

[179]
Underfull \hbox (badness 10000) in paragraph at lines 393--399
[]\T1/pplj/m/n/10.95 Paul-Louis Pr-ve.  Mo-bi-le-netv2: In-ver-ted re-si-duals
 and
 []


Underfull \hbox (badness 10000) in paragraph at lines 393--399
\T1/pplj/m/n/10.95 li-near bottle-necks.  [][]$\T1/cmtt/m/n/10.95 https : / / t
owardsdatascience . com /
 []


Underfull \hbox (badness 10000) in paragraph at lines 393--399
\T1/cmtt/m/n/10.95 mobilenetv2-[]inverted-[]residuals-[]and-[]linear-[]bottlene
cks-[]8a4362f4ffd5$[][]\T1/pplj/m/n/10.95 ,
 []


Underfull \hbox (badness 10000) in paragraph at lines 419--425
[]\T1/pplj/m/n/10.95 Google Ren-jie Liu.  Higher ac-cu-racy on vi-sion mo-dels
 []


Underfull \hbox (badness 10000) in paragraph at lines 419--425
\T1/pplj/m/n/10.95 with efficientnet-lite.  [][]$\T1/cmtt/m/n/10.95 https : / /
 blog . tensorflow . org / 2020 / 03 /
 []


Underfull \hbox (badness 10000) in paragraph at lines 419--425
\T1/cmtt/m/n/10.95 higher-[]accuracy-[]on-[]vision-[]models-[]with-[]efficientn
et-[]lite . html$[][]\T1/pplj/m/n/10.95 , 2020.
 []


Underfull \hbox (badness 10000) in paragraph at lines 438--445
[]\T1/pplj/m/n/10.95 Quirn Sa-lud.  El 90$ $% de los ca-sos de cn-cer de co-
 []


Underfull \hbox (badness 10000) in paragraph at lines 438--445
\T1/pplj/m/n/10.95 lon se pue-de cu-rar si se diag-nos-ti-ca en fa-ses tem-pra-
nas.
 []


Underfull \hbox (badness 10000) in paragraph at lines 438--445
[][]$\T1/cmtt/m/n/10.95 https : / / www . quironsalud . com / es / comunicacion
 / actualidad /
 []


Underfull \hbox (badness 10000) in paragraph at lines 438--445
\T1/cmtt/m/n/10.95 90-[]casos-[]cancer-[]colon-[]puede-[]curar-[]diagnostica-[]
fases-[]tempran$[][]\T1/pplj/m/n/10.95 , 2016.
 []

[180]
Underfull \hbox (badness 10000) in paragraph at lines 472--477
[]\T1/pplj/m/n/10.95 CT so-lu-tions.  Arm vs x86: What's the key dif-fe-ren-
 []


Underfull \hbox (badness 10000) in paragraph at lines 472--477
\T1/pplj/m/n/10.95 ce?  [][]$\T1/cmtt/m/n/10.95 https : / / www . candtsolution
 . com / news _ events-[]detail /
 []


Underfull \hbox (badness 2856) in paragraph at lines 472--477
\T1/cmtt/m/n/10.95 what-[]is-[]the-[]difference-[]between-[]arm-[]and-[]x86/$[]
[]\T1/pplj/m/n/10.95 .  [On-li-ne; ac-ces-sed 18-
 []


Underfull \hbox (badness 10000) in paragraph at lines 515--521
[]\T1/pplj/m/n/10.95 Sik-Ho Tsang.  Re-view: Shuf-fle-net v1 ^^V light
 []


Underfull \hbox (badness 10000) in paragraph at lines 515--521
\T1/pplj/m/n/10.95 weight mo-del.  [][]$\T1/cmtt/m/n/10.95 https : / / towardsd
atascience . com /
 []


Overfull \hbox (35.21915pt too wide) in paragraph at lines 515--521
\T1/cmtt/m/n/10.95 review-[]shufflenet-[]v1-[]light-[]weight-[]model-[]image-[]
classification-[]5b253dfe982f$[][]\T1/pplj/m/n/10.95 ,
 []

[181]
Underfull \hbox (badness 1424) in paragraph at lines 535--539
[]\T1/pplj/m/n/10.95 Xintao Wang, Ke Yu, Shi-xiang Wu, Jin-jin Gu, Yihao Liu, C
hao Dong,
 []


Underfull \hbox (badness 3058) in paragraph at lines 541--547
[]\T1/pplj/m/n/10.95 World Health Or-ga-ni-za-tion (WHO).  Glo-bal can-cer bur-
den gro-wing,
 []


Underfull \hbox (badness 2351) in paragraph at lines 541--547
\T1/pplj/m/n/10.95 amidst moun-ting need for ser-vi-ces.  [][]$\T1/cmtt/m/n/10.
95 https : / / www . who . int / news / item /
 []


Overfull \hbox (42.87752pt too wide) in paragraph at lines 541--547
\T1/cmtt/m/n/10.95 01-[]02-[]2024-[]global-[]cancer-[]burden-[]growing-[]-[]ami
dst-[]mounting-[]need-[]for-[]services$[][]\T1/pplj/m/n/10.95 ,
 []

) [182] (proyecto.aux
LaTeX Info: Redefining \. on input line 13.
LaTeX Info: Redefining \% on input line 13.
LaTeX Info: Redefining \. on input line 14.
LaTeX Info: Redefining \% on input line 14.
)
 ***********
LaTeX2e <2023-11-01> patch level 1
L3 programming layer <2024-01-04>
 ***********
Package rerunfilecheck Info: File `proyecto.out' has not changed.
(rerunfilecheck)             Checksum: D41D8CD98F00B204E9800998ECF8427E;0.
 ) 
Here is how much of TeX's memory you used:
 20838 strings out of 474486
 370044 string characters out of 5743755
 1956542 words of memory out of 5000000
 42090 multiletter control sequences out of 15000+600000
 678183 words of font info for 148 fonts, out of 8000000 for 9000
 1141 hyphenation exceptions out of 8191
 108i,12n,107p,10905b,846s stack positions out of 10000i,1000n,20000p,200000b,200000s
 <C:\Users\Cris1\AppData\Local\MiKTeX\fonts/pk/ljfour/jknappen/ec/dpi600\ectt
1095.pk> <C:\Users\Cris1\AppData\Local\MiKTeX\fonts/pk/ljfour/jknappen/ec/dpi60
0\ectt0900.pk><C:/Users/Cris1/AppData/Local/Programs/MiKTeX/fonts/type1/impalla
ri/cabin/Cabin-Bold.pfb><C:/Users/Cris1/AppData/Local/Programs/MiKTeX/fonts/typ
e1/public/amsfonts/cm/cmex10.pfb><C:/Users/Cris1/AppData/Local/Programs/MiKTeX/
fonts/type1/public/amsfonts/cm/cmmi10.pfb><C:/Users/Cris1/AppData/Local/Program
s/MiKTeX/fonts/type1/public/amsfonts/cm/cmr10.pfb><C:/Users/Cris1/AppData/Local
/Programs/MiKTeX/fonts/type1/public/amsfonts/cm/cmsy10.pfb><C:/Users/Cris1/AppD
ata/Local/Programs/MiKTeX/fonts/type1/public/fpl/fplbj8a.pfb><C:/Users/Cris1/Ap
pData/Local/Programs/MiKTeX/fonts/type1/public/mathpazo/fplmbb.pfb><C:/Users/Cr
is1/AppData/Local/Programs/MiKTeX/fonts/type1/public/mathpazo/fplmr.pfb><C:/Use
rs/Cris1/AppData/Local/Programs/MiKTeX/fonts/type1/public/mathpazo/fplmri.pfb><
C:/Users/Cris1/AppData/Local/Programs/MiKTeX/fonts/type1/public/fpl/fplrc8a.pfb
><C:/Users/Cris1/AppData/Local/Programs/MiKTeX/fonts/type1/public/fpl/fplrij8a.
pfb><C:/Users/Cris1/AppData/Local/Programs/MiKTeX/fonts/type1/urw/palatino/uplb
8a.pfb><C:/Users/Cris1/AppData/Local/Programs/MiKTeX/fonts/type1/urw/palatino/u
plbi8a.pfb><C:/Users/Cris1/AppData/Local/Programs/MiKTeX/fonts/type1/urw/palati
no/uplr8a.pfb><C:/Users/Cris1/AppData/Local/Programs/MiKTeX/fonts/type1/urw/pal
atino/uplri8a.pfb>
Output written on proyecto.pdf (182 pages, 12227669 bytes).
PDF statistics:
 2558 PDF objects out of 2984 (max. 8388607)
 625 named destinations out of 1000 (max. 500000)
 1095 words of extra memory for PDF output out of 10000 (max. 10000000)

